#
# A fatal error has been detected by the Java Runtime Environment:
#
#  Internal Error (exceptions.cpp:408), pid=14372, tid=2456
#  fatal error: ExceptionMark constructor expects no pending exceptions
#
# JRE version: Java(TM) SE Runtime Environment (8.0_25-b18) (build 1.8.0_25-b18)
# Java VM: Java HotSpot(TM) 64-Bit Server VM (25.25-b02 mixed mode windows-amd64 compressed oops)
# Failed to write core dump. Minidumps are not enabled by default on client versions of Windows
#
# If you would like to submit a bug report, please visit:
#   http://bugreport.sun.com/bugreport/crash.jsp
# The crash happened outside the Java Virtual Machine in native code.
# See problematic frame for where to report the bug.
#

---------------  T H R E A D  ---------------

Current thread (0x000000005c425000):  JavaThread "ForkJoinPool.commonPool-worker-10" daemon [_thread_in_native, id=2456, stack(0x000000005e800000,0x000000005e900000)]

Stack: [0x000000005e800000,0x000000005e900000]
Native frames: (J=compiled Java code, j=interpreted, Vv=VM code, C=native code)
V  [jvm.dll+0x31667a]
V  [jvm.dll+0x267073]
V  [jvm.dll+0x267cb3]
V  [jvm.dll+0x25f536]
V  [jvm.dll+0x260697]
V  [jvm.dll+0x1a7468]
V  [jvm.dll+0xab4b1]
C  0x0000000002844d4d

Java frames: (J=compiled Java code, j=interpreted, Vv=VM code)
j  java.lang.Throwable.fillInStackTrace()Ljava/lang/Throwable;+16
J 1056 C1 java.lang.Throwable.<init>(Ljava/lang/String;)V (34 bytes) @ 0x0000000002d16a24 [0x0000000002d16880+0x1a4]
J 1263 C1 java.lang.RuntimeException.<init>(Ljava/lang/String;)V (6 bytes) @ 0x0000000002d9b71c [0x0000000002d9b640+0xdc]
j  java.lang.IllegalArgumentException.<init>(Ljava/lang/String;)V+2
v  ~StubRoutines::call_stub
j  org.jblas.NativeBlas.dgelsd(III[DII[DII[DID[II[DII[II)I+0
j  org.jblas.NativeBlas.dgelsd(III[DII[DII[DID[II[II)I+97
j  org.jblas.SimpleBlas.gelsd(Lorg/jblas/DoubleMatrix;Lorg/jblas/DoubleMatrix;)V+132
j  org.jblas.Solve.solveLeastSquares(Lorg/jblas/DoubleMatrix;Lorg/jblas/DoubleMatrix;)Lorg/jblas/DoubleMatrix;+56
j  com.simiacryptus.mindseye.FeedbackContext.invertFeedback(Lcom/simiacryptus/mindseye/NDArray;[D)[D+36
j  com.simiacryptus.mindseye.layers.SoftmaxActivationLayer$1.feedback(Lcom/simiacryptus/mindseye/NDArray;Lcom/simiacryptus/mindseye/FeedbackContext;)V+31
j  com.simiacryptus.mindseye.NNResult.feedback(Lcom/simiacryptus/mindseye/NDArray;)V+9
j  com.simiacryptus.mindseye.NNResult.learn(DI)V+35
j  com.simiacryptus.mindseye.TestNetwork.lambda$1(Lcom/simiacryptus/mindseye/NNLayer;DLcom/simiacryptus/mindseye/LabeledObject;)V+22
j  com.simiacryptus.mindseye.TestNetwork$$Lambda$45.accept(Ljava/lang/Object;)V+16
j  java.util.stream.ForEachOps$ForEachOp$OfRef.accept(Ljava/lang/Object;)V+5
j  java.util.ArrayList$ArrayListSpliterator.forEachRemaining(Ljava/util/function/Consumer;)V+99
J 1784 C2 java.util.stream.AbstractPipeline.copyInto(Ljava/util/stream/Sink;Ljava/util/Spliterator;)V (53 bytes) @ 0x0000000002f18d5c [0x0000000002f183a0+0x9bc]
J 1879 C1 java.util.stream.ForEachOps$ForEachTask.compute()V (183 bytes) @ 0x0000000002f42104 [0x0000000002f41020+0x10e4]
J 1859 C1 java.util.concurrent.CountedCompleter.exec()Z (6 bytes) @ 0x0000000002f21904 [0x0000000002f21800+0x104]
J 1870 C1 java.util.concurrent.ForkJoinTask.doExec()I (37 bytes) @ 0x0000000002f23a84 [0x0000000002f23940+0x144]
J 1956 C1 java.util.concurrent.ForkJoinPool$WorkQueue.runTask(Ljava/util/concurrent/ForkJoinTask;)V (139 bytes) @ 0x0000000002f7883c [0x0000000002f786e0+0x15c]
J 1880 C1 java.util.concurrent.ForkJoinPool.scan(Ljava/util/concurrent/ForkJoinPool$WorkQueue;I)I (317 bytes) @ 0x0000000002f27aec [0x0000000002f272e0+0x80c]
j  java.util.concurrent.ForkJoinPool.runWorker(Ljava/util/concurrent/ForkJoinPool$WorkQueue;)V+13
j  java.util.concurrent.ForkJoinWorkerThread.run()V+24
v  ~StubRoutines::call_stub

---------------  P R O C E S S  ---------------

Java Threads: ( => current thread )
  0x000000005c26d800 JavaThread "ForkJoinPool.commonPool-worker-61" daemon [_thread_blocked, id=15224, stack(0x00000000632d0000,0x00000000633d0000)]
  0x000000005c26c800 JavaThread "ForkJoinPool.commonPool-worker-37" daemon [_thread_in_native, id=9540, stack(0x0000000062210000,0x0000000062310000)]
  0x000000005c26c000 JavaThread "ForkJoinPool.commonPool-worker-44" daemon [_thread_blocked, id=7832, stack(0x0000000061810000,0x0000000061910000)]
  0x000000005c26b000 JavaThread "ForkJoinPool.commonPool-worker-51" daemon [_thread_blocked, id=8756, stack(0x0000000063080000,0x0000000063180000)]
  0x000000005c26a800 JavaThread "ForkJoinPool.commonPool-worker-42" daemon [_thread_in_native, id=17288, stack(0x0000000062ed0000,0x0000000062fd0000)]
  0x000000005c269800 JavaThread "Thread-1" daemon [_thread_blocked, id=7456, stack(0x0000000062d70000,0x0000000062e70000)]
  0x000000005c269000 JavaThread "ForkJoinPool.commonPool-worker-25" daemon [_thread_blocked, id=9016, stack(0x000000005f010000,0x000000005f110000)]
  0x000000005c268000 JavaThread "ForkJoinPool.commonPool-worker-26" daemon [_thread_blocked, id=4824, stack(0x0000000062c30000,0x0000000062d30000)]
  0x000000005c267800 JavaThread "ForkJoinPool.commonPool-worker-16" daemon [_thread_blocked, id=17076, stack(0x0000000062af0000,0x0000000062bf0000)]
  0x000000005c424000 JavaThread "ForkJoinPool.commonPool-worker-21" daemon [_thread_blocked, id=7796, stack(0x00000000629c0000,0x0000000062ac0000)]
  0x000000005c423000 JavaThread "ForkJoinPool.commonPool-worker-28" daemon [_thread_blocked, id=20712, stack(0x0000000062820000,0x0000000062920000)]
  0x000000005c422800 JavaThread "ForkJoinPool.commonPool-worker-22" daemon [_thread_blocked, id=18176, stack(0x0000000062660000,0x0000000062760000)]
  0x000000005c421800 JavaThread "ForkJoinPool.commonPool-worker-29" daemon [_thread_blocked, id=5568, stack(0x0000000061ed0000,0x0000000061fd0000)]
  0x000000005c421000 JavaThread "ForkJoinPool.commonPool-worker-17" daemon [_thread_blocked, id=3348, stack(0x00000000624c0000,0x00000000625c0000)]
  0x000000005c420000 JavaThread "ForkJoinPool.commonPool-worker-24" daemon [_thread_blocked, id=22084, stack(0x0000000062310000,0x0000000062410000)]
  0x000000005c41f800 JavaThread "ForkJoinPool.commonPool-worker-31" daemon [_thread_blocked, id=9932, stack(0x00000000620f0000,0x00000000621f0000)]
  0x000000005c41e800 JavaThread "ForkJoinPool.commonPool-worker-23" daemon [_thread_blocked, id=20752, stack(0x0000000061fe0000,0x00000000620e0000)]
  0x000000005c41e000 JavaThread "ForkJoinPool.commonPool-worker-30" daemon [_thread_blocked, id=21220, stack(0x0000000061dc0000,0x0000000061ec0000)]
  0x000000005c41d000 JavaThread "ForkJoinPool.commonPool-worker-20" daemon [_thread_blocked, id=12588, stack(0x0000000061c60000,0x0000000061d60000)]
  0x000000005c42c000 JavaThread "ForkJoinPool.commonPool-worker-27" daemon [_thread_blocked, id=10160, stack(0x0000000061710000,0x0000000061810000)]
  0x000000005c42b000 JavaThread "ForkJoinPool.commonPool-worker-19" daemon [_thread_blocked, id=16748, stack(0x0000000061a80000,0x0000000061b80000)]
  0x000000005c42a800 JavaThread "ForkJoinPool.commonPool-worker-18" daemon [_thread_blocked, id=16396, stack(0x0000000061930000,0x0000000061a30000)]
  0x000000005c429800 JavaThread "ForkJoinPool.commonPool-worker-8" daemon [_thread_blocked, id=10028, stack(0x0000000061530000,0x0000000061630000)]
  0x000000005c429000 JavaThread "ForkJoinPool.commonPool-worker-15" daemon [_thread_blocked, id=14300, stack(0x0000000061200000,0x0000000061300000)]
  0x000000005c428000 JavaThread "ForkJoinPool.commonPool-worker-13" daemon [_thread_blocked, id=23244, stack(0x0000000061350000,0x0000000061450000)]
  0x000000005c427800 JavaThread "ForkJoinPool.commonPool-worker-9" daemon [_thread_blocked, id=5492, stack(0x000000005f7e0000,0x000000005f8e0000)]
  0x000000005c426800 JavaThread "ForkJoinPool.commonPool-worker-14" daemon [_thread_blocked, id=2948, stack(0x000000005f500000,0x000000005f600000)]
  0x000000005c426000 JavaThread "ForkJoinPool.commonPool-worker-12" daemon [_thread_blocked, id=22452, stack(0x000000005f640000,0x000000005f740000)]
=>0x000000005c425000 JavaThread "ForkJoinPool.commonPool-worker-10" daemon [_thread_in_native, id=2456, stack(0x000000005e800000,0x000000005e900000)]
  0x000000006043e800 JavaThread "ForkJoinPool.commonPool-worker-11" daemon [_thread_blocked, id=8436, stack(0x000000005f380000,0x000000005f480000)]
  0x000000005c41a800 JavaThread "ForkJoinPool.commonPool-worker-0" daemon [_thread_in_native, id=14608, stack(0x000000005b330000,0x000000005b430000)]
  0x000000005ce6b000 JavaThread "ForkJoinPool.commonPool-worker-6" daemon [_thread_blocked, id=9152, stack(0x000000005f230000,0x000000005f330000)]
  0x000000005d8de000 JavaThread "ForkJoinPool.commonPool-worker-7" daemon [_thread_blocked, id=11584, stack(0x000000005f110000,0x000000005f210000)]
  0x000000005d581800 JavaThread "ForkJoinPool.commonPool-worker-5" daemon [_thread_blocked, id=9508, stack(0x000000005ef00000,0x000000005f000000)]
  0x000000005d581000 JavaThread "ForkJoinPool.commonPool-worker-4" daemon [_thread_blocked, id=14356, stack(0x000000005ed50000,0x000000005ee50000)]
  0x000000005d580000 JavaThread "ForkJoinPool.commonPool-worker-3" daemon [_thread_blocked, id=19872, stack(0x000000005ec00000,0x000000005ed00000)]
  0x000000005e3bc000 JavaThread "ForkJoinPool.commonPool-worker-2" daemon [_thread_in_vm, id=15816, stack(0x000000005eaf0000,0x000000005ebf0000)]
  0x000000005e3bb000 JavaThread "ForkJoinPool.commonPool-worker-1" daemon [_thread_in_native, id=12240, stack(0x000000005e920000,0x000000005ea20000)]
  0x0000000058e0f000 JavaThread "ReaderThread" [_thread_in_native, id=13936, stack(0x000000005b680000,0x000000005b780000)]
  0x0000000058d2b800 JavaThread "Service Thread" daemon [_thread_blocked, id=15024, stack(0x000000005b1a0000,0x000000005b2a0000)]
  0x0000000058ccf000 JavaThread "C1 CompilerThread3" daemon [_thread_blocked, id=22948, stack(0x000000005afc0000,0x000000005b0c0000)]
  0x0000000058cb4000 JavaThread "C2 CompilerThread2" daemon [_thread_blocked, id=11824, stack(0x000000005ae60000,0x000000005af60000)]
  0x0000000058cb3800 JavaThread "C2 CompilerThread1" daemon [_thread_blocked, id=21268, stack(0x000000005aca0000,0x000000005ada0000)]
  0x0000000058ca7800 JavaThread "C2 CompilerThread0" daemon [_thread_blocked, id=12000, stack(0x000000005aac0000,0x000000005abc0000)]
  0x0000000058c99800 JavaThread "JDWP Command Reader" daemon [_thread_in_native, id=19468, stack(0x000000005a960000,0x000000005aa60000)]
  0x0000000057acf800 JavaThread "JDWP Event Helper Thread" daemon [_thread_blocked, id=10500, stack(0x000000005a780000,0x000000005a880000)]
  0x0000000058c8f000 JavaThread "JDWP Transport Listener: dt_socket" daemon [_thread_blocked, id=21304, stack(0x000000005a5c0000,0x000000005a6c0000)]
  0x0000000058c88000 JavaThread "Attach Listener" daemon [_thread_blocked, id=15096, stack(0x000000005a2c0000,0x000000005a3c0000)]
  0x0000000058c87000 JavaThread "Signal Dispatcher" daemon [_thread_blocked, id=19208, stack(0x000000005a180000,0x000000005a280000)]
  0x0000000057abb000 JavaThread "Finalizer" daemon [_thread_blocked, id=21960, stack(0x0000000059bc0000,0x0000000059cc0000)]
  0x0000000057ab4000 JavaThread "Reference Handler" daemon [_thread_blocked, id=8504, stack(0x0000000059ea0000,0x0000000059fa0000)]
  0x00000000020c8000 JavaThread "main" [_thread_blocked, id=2640, stack(0x0000000002460000,0x0000000002560000)]

Other Threads:
  0x0000000058c33000 VMThread [stack: 0x0000000059cd0000,0x0000000059dd0000] [id=20020]
  0x0000000058d2d000 WatcherThread [stack: 0x000000005b480000,0x000000005b580000] [id=19916]

VM state:not at safepoint (normal execution)

VM Mutex/Monitor currently owned by a thread:  ([mutex/lock_event])
[0x00000000021ceba0] MultiArray_lock - owner thread: 0x0000000058c8f000

Heap:
 PSYoungGen      total 409600K, used 113996K [0x00000000d5700000, 0x0000000100000000, 0x0000000100000000)
  eden space 243712K, 24% used [0x00000000d5700000,0x00000000d90c5068,0x00000000e4500000)
  from space 165888K, 33% used [0x00000000e4500000,0x00000000e7a8e2b0,0x00000000ee700000)
  to   space 232448K, 0% used [0x00000000f1d00000,0x00000000f1d00000,0x0000000100000000)
 ParOldGen       total 785408K, used 512014K [0x0000000080400000, 0x00000000b0300000, 0x00000000d5700000)
  object space 785408K, 65% used [0x0000000080400000,0x000000009f803a80,0x00000000b0300000)
 Metaspace       used 17260K, capacity 17694K, committed 17792K, reserved 1064960K
  class space    used 2003K, capacity 2126K, committed 2176K, reserved 1048576K

Card table byte_map: [0x0000000011bf0000,0x0000000011ff0000] byte_map_base: 0x00000000117ee000

Marking Bits: (ParMarkBitMap*) 0x000000006019d490
 Begin Bits: [0x0000000012cf0000, 0x0000000014ce0000)
 End Bits:   [0x0000000014ce0000, 0x0000000016cd0000)

Polling page: 0x0000000000230000

CodeCache: size=245760Kb used=8019Kb max_used=8019Kb free=237740Kb
 bounds [0x0000000002830000, 0x0000000003010000, 0x0000000011830000]
 total_blobs=2795 nmethods=2111 adapters=605
 compilation: enabled

Compilation events (10 events):
Event: 3.036 Thread 0x0000000058ccf000 2112       3       java.util.concurrent.CountedCompleter::getRawResult (2 bytes)
Event: 3.036 Thread 0x0000000058ccf000 nmethod 2112 0x0000000002ff75d0 code [0x0000000002ff7720, 0x0000000002ff7870]
Event: 3.039 Thread 0x0000000058cb4000 nmethod 2111% 0x0000000003001810 code [0x0000000003001960, 0x0000000003001e78]
Event: 3.040 Thread 0x0000000058ca7800 2114       4       org.jblas.DoubleMatrix::transpose (63 bytes)
Event: 3.045 Thread 0x0000000058ca7800 nmethod 2114 0x0000000003006d10 code [0x0000000003006e80, 0x0000000003007288]
Event: 3.052 Thread 0x0000000058ccf000 2115       3       org.jblas.DoubleMatrix::<init> (12 bytes)
Event: 3.052 Thread 0x0000000058ccf000 nmethod 2115 0x0000000002ff2c50 code [0x0000000002ff2dc0, 0x0000000002ff2fe8]
Event: 3.259 Thread 0x0000000058ccf000 2116   !   3       java.util.concurrent.ForkJoinTask::setCompletion (57 bytes)
Event: 3.260 Thread 0x0000000058ccf000 nmethod 2116 0x0000000003006510 code [0x00000000030066a0, 0x0000000003006ba8]
Event: 3.260 Thread 0x0000000058ccf000 2117       3       java.util.concurrent.ForkJoinPool$WorkQueue::pollAndExecCC (142 bytes)

GC Heap History (10 events):
Event: 2.632 GC heap before
{Heap before GC invocations=19 (full 4):
 PSYoungGen      total 523264K, used 405721K [0x00000000d5700000, 0x0000000100000000, 0x0000000100000000)
  eden space 337920K, 99% used [0x00000000d5700000,0x00000000ea078280,0x00000000ea100000)
  from space 185344K, 36% used [0x00000000f4b00000,0x00000000f8dbe330,0x0000000100000000)
  to   space 174080K, 0% used [0x00000000ea100000,0x00000000ea100000,0x00000000f4b00000)
 ParOldGen       total 649216K, used 537383K [0x0000000080400000, 0x00000000a7e00000, 0x00000000d5700000)
  object space 649216K, 82% used [0x0000000080400000,0x00000000a10c9d40,0x00000000a7e00000)
 Metaspace       used 16676K, capacity 17058K, committed 17152K, reserved 1064960K
  class space    used 1943K, capacity 2026K, committed 2048K, reserved 1048576K
Event: 2.666 GC heap after
Heap after GC invocations=19 (full 4):
 PSYoungGen      total 504832K, used 166573K [0x00000000d5700000, 0x0000000100000000, 0x0000000100000000)
  eden space 337920K, 0% used [0x00000000d5700000,0x00000000d5700000,0x00000000ea100000)
  from space 166912K, 99% used [0x00000000ea100000,0x00000000f43ab4d0,0x00000000f4400000)
  to   space 192512K, 0% used [0x00000000f4400000,0x00000000f4400000,0x0000000100000000)
 ParOldGen       total 649216K, used 604416K [0x0000000080400000, 0x00000000a7e00000, 0x00000000d5700000)
  object space 649216K, 93% used [0x0000000080400000,0x00000000a5240120,0x00000000a7e00000)
 Metaspace       used 16676K, capacity 17058K, committed 17152K, reserved 1064960K
  class space    used 1943K, capacity 2026K, committed 2048K, reserved 1048576K
}
Event: 2.666 GC heap before
{Heap before GC invocations=20 (full 5):
 PSYoungGen      total 504832K, used 166573K [0x00000000d5700000, 0x0000000100000000, 0x0000000100000000)
  eden space 337920K, 0% used [0x00000000d5700000,0x00000000d5700000,0x00000000ea100000)
  from space 166912K, 99% used [0x00000000ea100000,0x00000000f43ab4d0,0x00000000f4400000)
  to   space 192512K, 0% used [0x00000000f4400000,0x00000000f4400000,0x0000000100000000)
 ParOldGen       total 649216K, used 604416K [0x0000000080400000, 0x00000000a7e00000, 0x00000000d5700000)
  object space 649216K, 93% used [0x0000000080400000,0x00000000a5240120,0x00000000a7e00000)
 Metaspace       used 16676K, capacity 17058K, committed 17152K, reserved 1064960K
  class space    used 1943K, capacity 2026K, committed 2048K, reserved 1048576K
Event: 2.724 GC heap after
Heap after GC invocations=20 (full 5):
 PSYoungGen      total 504832K, used 0K [0x00000000d5700000, 0x0000000100000000, 0x0000000100000000)
  eden space 337920K, 0% used [0x00000000d5700000,0x00000000d5700000,0x00000000ea100000)
  from space 166912K, 0% used [0x00000000ea100000,0x00000000ea100000,0x00000000f4400000)
  to   space 192512K, 0% used [0x00000000f4400000,0x00000000f4400000,0x0000000100000000)
 ParOldGen       total 523776K, used 304748K [0x0000000080400000, 0x00000000a0380000, 0x00000000d5700000)
  object space 523776K, 58% used [0x0000000080400000,0x0000000092d9b380,0x00000000a0380000)
 Metaspace       used 16676K, capacity 17058K, committed 17152K, reserved 1064960K
  class space    used 1943K, capacity 2026K, committed 2048K, reserved 1048576K
}
Event: 2.987 GC heap before
{Heap before GC invocations=21 (full 5):
 PSYoungGen      total 504832K, used 327727K [0x00000000d5700000, 0x0000000100000000, 0x0000000100000000)
  eden space 337920K, 96% used [0x00000000d5700000,0x00000000e970be90,0x00000000ea100000)
  from space 166912K, 0% used [0x00000000ea100000,0x00000000ea100000,0x00000000f4400000)
  to   space 192512K, 0% used [0x00000000f4400000,0x00000000f4400000,0x0000000100000000)
 ParOldGen       total 523776K, used 304748K [0x0000000080400000, 0x00000000a0380000, 0x00000000d5700000)
  object space 523776K, 58% used [0x0000000080400000,0x0000000092d9b380,0x00000000a0380000)
 Metaspace       used 17265K, capacity 17746K, committed 17792K, reserved 1064960K
  class space    used 2010K, capacity 2136K, committed 2176K, reserved 1048576K
Event: 3.018 GC heap after
Heap after GC invocations=21 (full 5):
 PSYoungGen      total 436224K, used 181646K [0x00000000d5700000, 0x0000000100000000, 0x0000000100000000)
  eden space 243712K, 0% used [0x00000000d5700000,0x00000000d5700000,0x00000000e4500000)
  from space 192512K, 94% used [0x00000000f4400000,0x00000000ff5638d0,0x0000000100000000)
  to   space 226816K, 0% used [0x00000000e4500000,0x00000000e4500000,0x00000000f2280000)
 ParOldGen       total 523776K, used 358338K [0x0000000080400000, 0x00000000a0380000, 0x00000000d5700000)
  object space 523776K, 68% used [0x0000000080400000,0x00000000961f09c0,0x00000000a0380000)
 Metaspace       used 17265K, capacity 17746K, committed 17792K, reserved 1064960K
  class space    used 2010K, capacity 2136K, committed 2176K, reserved 1048576K
}
Event: 3.065 GC heap before
{Heap before GC invocations=22 (full 5):
 PSYoungGen      total 436224K, used 414880K [0x00000000d5700000, 0x0000000100000000, 0x0000000100000000)
  eden space 243712K, 95% used [0x00000000d5700000,0x00000000e3ac4980,0x00000000e4500000)
  from space 192512K, 94% used [0x00000000f4400000,0x00000000ff5638d0,0x0000000100000000)
  to   space 226816K, 0% used [0x00000000e4500000,0x00000000e4500000,0x00000000f2280000)
 ParOldGen       total 523776K, used 358338K [0x0000000080400000, 0x00000000a0380000, 0x00000000d5700000)
  object space 523776K, 68% used [0x0000000080400000,0x00000000961f09c0,0x00000000a0380000)
 Metaspace       used 17275K, capacity 17746K, committed 17792K, reserved 1064960K
  class space    used 2010K, capacity 2136K, committed 2176K, reserved 1048576K
Event: 3.106 GC heap after
Heap after GC invocations=22 (full 5):
 PSYoungGen      total 409600K, used 165751K [0x00000000d5700000, 0x0000000100000000, 0x0000000100000000)
  eden space 243712K, 0% used [0x00000000d5700000,0x00000000d5700000,0x00000000e4500000)
  from space 165888K, 99% used [0x00000000e4500000,0x00000000ee6dde38,0x00000000ee700000)
  to   space 232448K, 0% used [0x00000000f1d00000,0x00000000f1d00000,0x0000000100000000)
 ParOldGen       total 523776K, used 511490K [0x0000000080400000, 0x00000000a0380000, 0x00000000d5700000)
  object space 523776K, 97% used [0x0000000080400000,0x000000009f780a08,0x00000000a0380000)
 Metaspace       used 17275K, capacity 17746K, committed 17792K, reserved 1064960K
  class space    used 2010K, capacity 2136K, committed 2176K, reserved 1048576K
}
Event: 3.106 GC heap before
{Heap before GC invocations=23 (full 6):
 PSYoungGen      total 409600K, used 165751K [0x00000000d5700000, 0x0000000100000000, 0x0000000100000000)
  eden space 243712K, 0% used [0x00000000d5700000,0x00000000d5700000,0x00000000e4500000)
  from space 165888K, 99% used [0x00000000e4500000,0x00000000ee6dde38,0x00000000ee700000)
  to   space 232448K, 0% used [0x00000000f1d00000,0x00000000f1d00000,0x0000000100000000)
 ParOldGen       total 523776K, used 511490K [0x0000000080400000, 0x00000000a0380000, 0x00000000d5700000)
  object space 523776K, 97% used [0x0000000080400000,0x000000009f780a08,0x00000000a0380000)
 Metaspace       used 17275K, capacity 17746K, committed 17792K, reserved 1064960K
  class space    used 2010K, capacity 2136K, committed 2176K, reserved 1048576K
Event: 3.253 GC heap after
Heap after GC invocations=23 (full 6):
 PSYoungGen      total 409600K, used 54840K [0x00000000d5700000, 0x0000000100000000, 0x0000000100000000)
  eden space 243712K, 0% used [0x00000000d5700000,0x00000000d5700000,0x00000000e4500000)
  from space 165888K, 33% used [0x00000000e4500000,0x00000000e7a8e2b0,0x00000000ee700000)
  to   space 232448K, 0% used [0x00000000f1d00000,0x00000000f1d00000,0x0000000100000000)
 ParOldGen       total 785408K, used 512014K [0x0000000080400000, 0x00000000b0300000, 0x00000000d5700000)
  object space 785408K, 65% used [0x0000000080400000,0x000000009f803a80,0x00000000b0300000)
 Metaspace       used 17257K, capacity 17694K, committed 17792K, reserved 1064960K
  class space    used 2003K, capacity 2126K, committed 2176K, reserved 1048576K
}

Deoptimization events (10 events):
Event: 2.038 Thread 0x00000000020c8000 Uncommon trap: reason=class_check action=maybe_recompile pc=0x0000000002f2da74 method=java.util.stream.AbstractPipeline.evaluate(Ljava/util/Spliterator;ZLjava/util/function/IntFunction;)Ljava/util/stream/Node; @ 35
Event: 2.038 Thread 0x00000000020c8000 Uncommon trap: reason=class_check action=maybe_recompile pc=0x0000000002f2da74 method=java.util.stream.AbstractPipeline.evaluate(Ljava/util/Spliterator;ZLjava/util/function/IntFunction;)Ljava/util/stream/Node; @ 35
Event: 2.042 Thread 0x000000005ce6b000 Uncommon trap: reason=class_check action=maybe_recompile pc=0x0000000002f2da74 method=java.util.stream.AbstractPipeline.evaluate(Ljava/util/Spliterator;ZLjava/util/function/IntFunction;)Ljava/util/stream/Node; @ 35
Event: 2.042 Thread 0x000000005ce6b000 Uncommon trap: reason=class_check action=maybe_recompile pc=0x0000000002f1f490 method=java.util.stream.AbstractPipeline.evaluate(Ljava/util/Spliterator;ZLjava/util/function/IntFunction;)Ljava/util/stream/Node; @ 35
Event: 2.581 Thread 0x000000005e3bb000 Uncommon trap: reason=null_check action=make_not_entrant pc=0x0000000002f4f4b4 method=java.util.concurrent.ForkJoinPool$WorkQueue.internalPopAndExecCC(Ljava/util/concurrent/CountedCompleter;)Z @ 54
Event: 2.587 Thread 0x00000000020c8000 Uncommon trap: reason=bimorphic action=maybe_recompile pc=0x0000000002e8d3b8 method=java.util.stream.StreamOpFlag.fromCharacteristics(Ljava/util/Spliterator;)I @ 1
Event: 2.875 Thread 0x000000005c41e000 Uncommon trap: reason=unreached action=reinterpret pc=0x0000000002a120a4 method=java.lang.AbstractStringBuilder.append(Ljava/lang/String;)Ljava/lang/AbstractStringBuilder; @ 1
Event: 2.887 Thread 0x000000005c41e000 Uncommon trap: reason=unreached action=reinterpret pc=0x0000000002a093f4 method=java.lang.AbstractStringBuilder.append(Ljava/lang/String;)Ljava/lang/AbstractStringBuilder; @ 1
Event: 3.026 Thread 0x000000005c41e000 Uncommon trap: reason=intrinsic action=make_not_entrant pc=0x0000000002f4cfa0 method=com.simiacryptus.mindseye.layers.SigmoidActivationLayer.lambda$0(Lcom/simiacryptus/mindseye/NDArray;Lcom/simiacryptus/mindseye/NDArray;Lcom/simiacryptus/mindseye/NDArray;Izèë·Õ
@
Event: 3.259 Thread 0x000000005c41f800 Uncommon trap: reason=unreached action=reinterpret pc=0x0000000002f668fc method=java.util.concurrent.ForkJoinPool$WorkQueue.pollAndExecCC(Ljava/util/concurrent/CountedCompleter;)Z @ 52

Internal exceptions (10 events):
Event: 3.260 Thread 0x000000005c425000 Exception <a 'java/lang/StackOverflowError'> (0x00000000d77b95b8) thrown at [D:\re\workspace\8-2-build-windows-amd64-cygwin\jdk8u25\1677\hotspot\src\share\vm\runtime\javaCalls.cpp, line 382]
Event: 3.260 Thread 0x000000005c425000 Exception <"XERBLA: Error on argument 4 for *unknown function* DLASCL (how odd!)
": XERBLA: Error on argument 4 for *unknown function* DLASCL (how odd!)
> (0x00000000d77b95d8) thrown at [D:\re\workspace\8-2-build-windows-amd64-cygwin\jdk8u25\1677\hotspot\s
Event: 3.260 Thread 0x000000005c425000 Exception <a 'java/lang/StackOverflowError'> (0x00000000d77b9918) thrown at [D:\re\workspace\8-2-build-windows-amd64-cygwin\jdk8u25\1677\hotspot\src\share\vm\runtime\javaCalls.cpp, line 382]
Event: 3.260 Thread 0x000000005c425000 Exception <a 'java/lang/StackOverflowError': XERBLA: Error on argument 4 for *unknown function* DLASCL (how odd!)
> (0x00000000d77b9918) thrown at [D:\re\workspace\8-2-build-windows-amd64-cygwin\jdk8u25\1677\hotspot\src\share\vm\prims\jni.cpp, line 742]
Event: 3.260 Thread 0x000000005c425000 Exception <a 'java/lang/StackOverflowError'> (0x00000000d77b9a10) thrown at [D:\re\workspace\8-2-build-windows-amd64-cygwin\jdk8u25\1677\hotspot\src\share\vm\runtime\javaCalls.cpp, line 382]
Event: 3.260 Thread 0x000000005c425000 Exception <a 'java/lang/IllegalArgumentException': XERBLA: Error on argument 4 for *unknown function* DLASCL (how odd!)
> (0x00000000d77b99f0) thrown at [D:\re\workspace\8-2-build-windows-amd64-cygwin\jdk8u25\1677\hotspot\src\share\vm\prims\jni.cpp, line 7ø:±—Ù
@
Event: 3.260 Thread 0x000000005c425000 Exception <a 'java/lang/StackOverflowError'> (0x00000000d77b9b08) thrown at [D:\re\workspace\8-2-build-windows-amd64-cygwin\jdk8u25\1677\hotspot\src\share\vm\runtime\javaCalls.cpp, line 382]
Event: 3.260 Thread 0x000000005c425000 Exception <a 'java/lang/StackOverflowError': XERBLA: Error on argument 4 for *unknown function* DLASCL (how odd!)
> (0x00000000d77b9b08) thrown at [D:\re\workspace\8-2-build-windows-amd64-cygwin\jdk8u25\1677\hotspot\src\share\vm\prims\jni.cpp, line 742]
Event: 3.260 Thread 0x000000005c26a800 Exception <a 'java/lang/StackOverflowError'> (0x00000000d6418748) thrown at [D:\re\workspace\8-2-build-windows-amd64-cygwin\jdk8u25\1677\hotspot\src\share\vm\runtime\javaCalls.cpp, line 382]
Event: 3.260 Thread 0x000000005c26a800 Exception <a 'java/lang/StackOverflowError': XERBLA: Error on argument 4 for *unknown function* DLASCL (how odd!)
> (0x00000000d6418748) thrown at [D:\re\workspace\8-2-build-windows-amd64-cygwin\jdk8u25\1677\hotspot\src\share\vm\prims\jni.cpp, line 742]

Events (10 events):
Event: 3.060 Thread 0x000000005c26c000 Thread added: 0x000000005c26c000
Event: 3.065 Thread 0x000000005c26c800 Thread added: 0x000000005c26c800
Event: 3.065 Executing VM operation: ParallelGCFailedAllocation
Event: 3.253 Executing VM operation: ParallelGCFailedAllocation done
Event: 3.258 Thread 0x000000005c26d800 Thread added: 0x000000005c26d800
Event: 3.259 Thread 0x000000005c41f800 Uncommon trap: trap_request=0xffffffad fr.pc=0x0000000002f668fc
Event: 3.259 Thread 0x000000005c41f800 DEOPT PACKING pc=0x0000000002f668fc sp=0x00000000621ee840
Event: 3.259 Thread 0x000000005c41f800 DEOPT UNPACKING pc=0x000000000287556a sp=0x00000000621ee7d0 mode 2
Event: 3.260 Thread 0x000000005c425000 DEOPT PACKING pc=0x00000000029d10c4 sp=0x000000005e8fd580
Event: 3.260 Thread 0x000000005c425000 DEOPT UNPACKING pc=0x00000000028775bf sp=0x000000005e8fd2a8 mode 1


Dynamic libraries:
0x000000013f580000 - 0x000000013f5b4000 	C:\Program Files\Java\jdk1.8.0_25\bin\javaw.exe
0x0000000077b20000 - 0x0000000077cc9000 	C:\Windows\SYSTEM32\ntdll.dll
0x0000000077900000 - 0x0000000077a1f000 	C:\Windows\system32\kernel32.dll
0x000007fefdb10000 - 0x000007fefdb7c000 	C:\Windows\system32\KERNELBASE.dll
0x000007fefe390000 - 0x000007fefe46b000 	C:\Windows\system32\ADVAPI32.dll
0x000007fefe2f0000 - 0x000007fefe38f000 	C:\Windows\system32\msvcrt.dll
0x000007fefeb30000 - 0x000007fefeb4f000 	C:\Windows\SYSTEM32\sechost.dll
0x000007fefe790000 - 0x000007fefe8bd000 	C:\Windows\system32\RPCRT4.dll
0x0000000077a20000 - 0x0000000077b1a000 	C:\Windows\system32\USER32.dll
0x000007fefeec0000 - 0x000007fefef27000 	C:\Windows\system32\GDI32.dll
0x000007fefeeb0000 - 0x000007fefeebe000 	C:\Windows\system32\LPK.dll
0x000007feffd60000 - 0x000007feffe29000 	C:\Windows\system32\USP10.dll
0x000007fefbf70000 - 0x000007fefc164000 	C:\Windows\WinSxS\amd64_microsoft.windows.common-controls_6595b64144ccf1df_6.0.7601.18837_none_fa3b1e3d17594757\COMCTL32.dll
0x000007fefeab0000 - 0x000007fefeb21000 	C:\Windows\system32\SHLWAPI.dll
0x000007fefde20000 - 0x000007fefde4e000 	C:\Windows\system32\IMM32.DLL
0x000007fefe8c0000 - 0x000007fefe9c9000 	C:\Windows\system32\MSCTF.dll
0x00000000638e0000 - 0x00000000639b2000 	C:\Program Files\Java\jdk1.8.0_25\jre\bin\msvcr100.dll
0x000000005f9c0000 - 0x000000006021a000 	C:\Program Files\Java\jdk1.8.0_25\jre\bin\server\jvm.dll
0x000007fef8110000 - 0x000007fef8119000 	C:\Windows\system32\WSOCK32.dll
0x000007fefe470000 - 0x000007fefe4bd000 	C:\Windows\system32\WS2_32.dll
0x000007fefe0b0000 - 0x000007fefe0b8000 	C:\Windows\system32\NSI.dll
0x000007fefa2b0000 - 0x000007fefa2eb000 	C:\Windows\system32\WINMM.dll
0x0000000077ce0000 - 0x0000000077ce7000 	C:\Windows\system32\PSAPI.DLL
0x0000000072c10000 - 0x0000000072c1f000 	C:\Program Files\Java\jdk1.8.0_25\jre\bin\verify.dll
0x00000000638b0000 - 0x00000000638d8000 	C:\Program Files\Java\jdk1.8.0_25\jre\bin\java.dll
0x0000000063630000 - 0x0000000063665000 	C:\Program Files\Java\jdk1.8.0_25\jre\bin\jdwp.dll
0x0000000072c00000 - 0x0000000072c08000 	C:\Program Files\Java\jdk1.8.0_25\jre\bin\npt.dll
0x0000000063ad0000 - 0x0000000063ae6000 	C:\Program Files\Java\jdk1.8.0_25\jre\bin\zip.dll
0x000007fefef30000 - 0x000007feffcb9000 	C:\Windows\system32\SHELL32.dll
0x000007fefe0e0000 - 0x000007fefe2e3000 	C:\Windows\system32\ole32.dll
0x000007fefd8d0000 - 0x000007fefd8df000 	C:\Windows\system32\profapi.dll
0x0000000063790000 - 0x0000000063799000 	C:\Program Files\Java\jdk1.8.0_25\jre\bin\dt_socket.dll
0x000007fef9f10000 - 0x000007fef9f25000 	C:\Windows\system32\NLAapi.dll
0x000007fef6370000 - 0x000007fef6385000 	C:\Windows\system32\napinsp.dll
0x000007fef6350000 - 0x000007fef6369000 	C:\Windows\system32\pnrpnsp.dll
0x000007fefd0b0000 - 0x000007fefd105000 	C:\Windows\System32\mswsock.dll
0x000007fefcf30000 - 0x000007fefcf8b000 	C:\Windows\system32\DNSAPI.dll
0x000007fef6340000 - 0x000007fef634b000 	C:\Windows\System32\winrnr.dll
0x0000000073730000 - 0x0000000073756000 	C:\Program Files\Bonjour\mdnsNSP.dll
0x000007fef9410000 - 0x000007fef9437000 	C:\Windows\system32\Iphlpapi.DLL
0x000007fef9400000 - 0x000007fef940b000 	C:\Windows\system32\WINNSI.DLL
0x000007fef9200000 - 0x000007fef9211000 	C:\Windows\system32\dhcpcsvc6.DLL
0x000007fef91e0000 - 0x000007fef91f8000 	C:\Windows\system32\dhcpcsvc.DLL
0x000007fef9280000 - 0x000007fef92d3000 	C:\Windows\System32\fwpuclnt.dll
0x000007fef6760000 - 0x000007fef6768000 	C:\Windows\system32\rasadhlp.dll
0x000007fefc6a0000 - 0x000007fefc6a7000 	C:\Windows\System32\wshtcpip.dll
0x0000000063610000 - 0x000000006362a000 	C:\Program Files\Java\jdk1.8.0_25\jre\bin\net.dll
0x000007fefd0a0000 - 0x000007fefd0a7000 	C:\Windows\System32\wship6.dll
0x000007fefd110000 - 0x000007fefd128000 	C:\Windows\system32\CRYPTSP.dll
0x000007fefce10000 - 0x000007fefce57000 	C:\Windows\system32\rsaenh.dll
0x000007fefdc20000 - 0x000007fefdc3e000 	C:\Windows\system32\USERENV.dll
0x000007fefd770000 - 0x000007fefd77f000 	C:\Windows\system32\CRYPTBASE.dll
0x00000000635f0000 - 0x0000000063601000 	C:\Program Files\Java\jdk1.8.0_25\jre\bin\nio.dll
0x000000006cec0000 - 0x000000006cee0000 	C:\Users\Andrew Charneski\AppData\Local\Temp\jblas3517381375539461869\libgcc_s_sjlj-1.dll
0x000000006f600000 - 0x000000006f6ef000 	C:\Users\Andrew Charneski\AppData\Local\Temp\jblas3517381375539461869\libgfortran-3.dll
0x0000000064c00000 - 0x0000000064c43000 	C:\Users\Andrew Charneski\AppData\Local\Temp\jblas3517381375539461869\jblas_arch_flavor.dll
0x000000006c840000 - 0x000000006cb5d000 	C:\Users\Andrew Charneski\AppData\Local\Temp\jblas3517381375539461869\jblas.dll
0x000007fef9f80000 - 0x000007fefa0a5000 	C:\Windows\system32\dbghelp.dll

VM Arguments:
jvm_args: -agentlib:jdwp=transport=dt_socket,suspend=y,address=localhost:49824 -ea -Dfile.encoding=Cp1252 
java_command: org.eclipse.jdt.internal.junit.runner.RemoteTestRunner -version 3 -port 49823 -testLoaderClass org.eclipse.jdt.internal.junit4.runner.JUnit4TestLoader -loaderpluginname org.eclipse.jdt.junit4.runtime -test com.simiacryptus.mindseye.TestNetwork:test
java_class_path (initial): L:\code\Research\mindseye\target\test-classes;L:\code\Research\mindseye\target\classes;C:\Users\Andrew Charneski\.m2\repository\junit\junit\4.12\junit-4.12.jar;C:\Users\Andrew Charneski\.m2\repository\org\hamcrest\hamcrest-core\1.3\hamcrest-core-1.3.jar;C:\Users\Andrew Charneski\.m2\repository\org\jblas\jblas\1.2.4\jblas-1.2.4.jar;C:\Users\Andrew Charneski\.m2\repository\ch\qos\logback\logback-classic\1.1.3\logback-classic-1.1.3.jar;C:\Users\Andrew Charneski\.m2\repository\ch\qos\logback\logback-core\1.1.3\logback-core-1.1.3.jar;C:\Users\Andrew Charneski\.m2\repository\org\slf4j\slf4j-api\1.7.7\slf4j-api-1.7.7.jar;C:\Users\Andrew Charneski\.m2\repository\org\codehaus\groovy\groovy-all\2.4.3\groovy-all-2.4.3.jar;C:\Users\Andrew Charneski\.m2\repository\org\apache\commons\commons-compress\1.9\commons-compress-1.9.jar;C:\Users\Andrew Charneski\.m2\repository\commons-io\commons-io\2.4\commons-io-2.4.jar;/F:/eclipse/luna-sr2/configuration/org.eclipse.osgi/206/0/.cp/;/F:/eclipse/luna-sr2/configuration/org.eclipse.osgi/205/0/.cp/
Launcher Type: SUN_STANDARD

Environment Variables:
PATH=C:\Program Files\Java\jdk1.8.0_25\jre\bin;C:\ProgramData\Oracle\Java\javapath;C:\Program Files (x86)\NVIDIA Corporation\PhysX\Common;C:\Windows\system32;C:\Windows;C:\Windows\System32\Wbem;C:\Windows\System32\WindowsPowerShell\v1.0\;C:\Program Files (x86)\Windows Kits\8.0\Windows Performance Toolkit\;L:\RevoDrive\android-sdks\platform-tools;C:\Program Files (x86)\Common Files\ThinPrint\;C:\Program Files (x86)\QuickTime\QTSystem\
USERNAME=Andrew Charneski
OS=Windows_NT
PROCESSOR_IDENTIFIER=Intel64 Family 6 Model 42 Stepping 7, GenuineIntel



---------------  S Y S T E M  ---------------

OS: Windows 7 , 64 bit Build 7601 Service Pack 1

CPU:total 8 (4 cores per cpu, 2 threads per core) family 6 model 42 stepping 7, cmov, cx8, fxsr, mmx, sse, sse2, sse3, ssse3, sse4.1, sse4.2, popcnt, avx, aes, clmul, ht, tsc, tscinvbit

Memory: 4k page, physical 8365912k(1983368k free), swap 29859380k(21424856k free)

vm_info: Java HotSpot(TM) 64-Bit Server VM (25.25-b02) for windows-amd64 JRE (1.8.0_25-b18), built on Oct  7 2014 14:25:37 by "java_re" with MS VC++ 10.0 (VS2010)

time: Thu Jun 25 07:45:34 2015
elapsed time: 3 seconds (0d 0h 0m 3s)

