#
# A fatal error has been detected by the Java Runtime Environment:
#
#  EXCEPTION_ACCESS_VIOLATION (0xc0000005) at pc=0x000000005e0ea3c5, pid=5956, tid=6364
#
# JRE version: Java(TM) SE Runtime Environment (8.0_25-b18) (build 1.8.0_25-b18)
# Java VM: Java HotSpot(TM) 64-Bit Server VM (25.25-b02 mixed mode windows-amd64 compressed oops)
# Problematic frame:
# V  [jvm.dll+0x11a3c5]
#
# Failed to write core dump. Minidumps are not enabled by default on client versions of Windows
#
# If you would like to submit a bug report, please visit:
#   http://bugreport.sun.com/bugreport/crash.jsp
#

---------------  T H R E A D  ---------------

Current thread (0x0000000058d22800):  JavaThread "JDWP Transport Listener: dt_socket" daemon [_thread_in_vm, id=6364, stack(0x000000005a210000,0x000000005a310000)]

siginfo: ExceptionCode=0xc0000005, reading address 0xffffffffffffffff

Registers:
RAX=0x000000005a30f301, RBX=0x0000000058d22800, RCX=0x472479726f746361, RDX=0x0000000000000000
RSP=0x000000005a30f370, RBP=0x472479726f746361, RSI=0x000000005a30f488, RDI=0x00000000021ea260
R8 =0x0000000058d22800, R9 =0x0000000000000700, R10=0x0000000000000000, R11=0x6323002500a3000d
R12=0x0000000000000000, R13=0x0000000058d1b5c8, R14=0x0000000000000000, R15=0x0000000000000000
RIP=0x000000005e0ea3c5, EFLAGS=0x0000000000010202

Top of Stack: (sp=0x000000005a30f370)
0x000000005a30f370:   0000000058d22800 0000000058d22800
0x000000005a30f380:   000000005a30f438 000000005e2e78db
0x000000005a30f390:   0000000058d22800 000000005e30413d
0x000000005a30f3a0:   0000000000000000 0000000067b99149
0x000000005a30f3b0:   0000000058eced20 0000000067ba2912
0x000000005a30f3c0:   0000000058d22800 0000000000000000
0x000000005a30f3d0:   0000000000000000 0000000000000000
0x000000005a30f3e0:   472479726f746361 0000000067ba1a09
0x000000005a30f3f0:   000000005a30f488 000000005a30f460
0x000000005a30f400:   0000000000000001 0000000058eced20
0x000000005a30f410:   472479726f746361 0000000067b853b3
0x000000005a30f420:   000000005a30f550 0000000000000001
0x000000005a30f430:   0000000000000001 0000000058eced20
0x000000005a30f440:   0000000000000021 0000000000000000
0x000000005a30f450:   0000000000000000 0000000000000000
0x000000005a30f460:   0000000000000001 0000000067b85571 

Instructions: (pc=0x000000005e0ea3c5)
0x000000005e0ea3a5:   cc cc cc cc cc cc cc cc cc cc cc 48 83 ec 28 48
0x000000005e0ea3b5:   85 c9 75 07 33 c0 48 83 c4 28 c3 48 89 5c 24 20
0x000000005e0ea3c5:   48 8b 19 48 85 db 74 20 48 83 fb 37 74 1a 48 8b
0x000000005e0ea3d5:   13 48 8b cb ff 52 10 84 c0 74 0d 48 8b c3 48 8b 


Register to memory mapping:

RAX=0x000000005a30f301 is pointing into the stack for thread: 0x0000000058d22800
RBX=0x0000000058d22800 is a thread
RCX=0x472479726f746361 is an unknown value
RDX=0x0000000000000000 is an unknown value
RSP=0x000000005a30f370 is pointing into the stack for thread: 0x0000000058d22800
RBP=0x472479726f746361 is an unknown value
RSI=0x000000005a30f488 is pointing into the stack for thread: 0x0000000058d22800
RDI=0x00000000021ea260 is an unknown value
R8 =0x0000000058d22800 is a thread
R9 =0x0000000000000700 is an unknown value
R10=0x0000000000000000 is an unknown value
R11=0x6323002500a3000d is an unknown value
R12=0x0000000000000000 is an unknown value
R13=0x0000000058d1b5c8 is an unknown value
R14=0x0000000000000000 is an unknown value
R15=0x0000000000000000 is an unknown value


Stack: [0x000000005a210000,0x000000005a310000],  sp=0x000000005a30f370,  free space=1020k
Native frames: (J=compiled Java code, j=interpreted, Vv=VM code, C=native code)
V  [jvm.dll+0x11a3c5]
V  [jvm.dll+0x33413d]
C  [jdwp.dll+0x21a09]
C  [jdwp.dll+0x53b3]
C  [jdwp.dll+0x5571]
C  [jdwp.dll+0xf09c]
C  [jdwp.dll+0x1f2c9]
C  [jdwp.dll+0x1f49e]
V  [jvm.dll+0x1abba8]
V  [jvm.dll+0x22bde4]
V  [jvm.dll+0x2852fa]
C  [msvcr100.dll+0x21d9f]
C  [msvcr100.dll+0x21e3b]
C  [kernel32.dll+0x15a4d]
C  [ntdll.dll+0x2b831]


---------------  P R O C E S S  ---------------

Java Threads: ( => current thread )
  0x0000000058fbc000 JavaThread "ReaderThread" [_thread_in_native, id=6648, stack(0x000000005af70000,0x000000005b070000)]
  0x0000000058dbb000 JavaThread "Service Thread" daemon [_thread_blocked, id=6324, stack(0x000000005a780000,0x000000005a880000)]
  0x0000000058d5f000 JavaThread "C1 CompilerThread3" daemon [_thread_blocked, id=4276, stack(0x000000005ae60000,0x000000005af60000)]
  0x0000000058d44000 JavaThread "C2 CompilerThread2" daemon [_thread_blocked, id=5904, stack(0x000000005ad20000,0x000000005ae20000)]
  0x0000000058d42800 JavaThread "C2 CompilerThread1" daemon [_thread_blocked, id=2424, stack(0x000000005abe0000,0x000000005ace0000)]
  0x0000000058d37000 JavaThread "C2 CompilerThread0" daemon [_thread_blocked, id=4224, stack(0x000000005a8b0000,0x000000005a9b0000)]
  0x0000000058d34000 JavaThread "JDWP Command Reader" daemon [_thread_in_native, id=448, stack(0x000000005aaa0000,0x000000005aba0000)]
  0x0000000058d27800 JavaThread "JDWP Event Helper Thread" daemon [_thread_blocked, id=6432, stack(0x000000005a480000,0x000000005a580000)]
=>0x0000000058d22800 JavaThread "JDWP Transport Listener: dt_socket" daemon [_thread_in_vm, id=6364, stack(0x000000005a210000,0x000000005a310000)]
  0x0000000058d14800 JavaThread "Attach Listener" daemon [_thread_blocked, id=2480, stack(0x000000005a310000,0x000000005a410000)]
  0x0000000057c6f000 JavaThread "Signal Dispatcher" daemon [_thread_blocked, id=6912, stack(0x000000005a110000,0x000000005a210000)]
  0x0000000057c5c800 JavaThread "Finalizer" daemon [_thread_blocked, id=6444, stack(0x0000000059c80000,0x0000000059d80000)]
  0x0000000057c56000 JavaThread "Reference Handler" daemon [_thread_blocked, id=6564, stack(0x0000000059ec0000,0x0000000059fc0000)]
  0x00000000021ee800 JavaThread "main" [_thread_blocked, id=5996, stack(0x00000000023c0000,0x00000000024c0000)]

Other Threads:
  0x0000000058cc1800 VMThread [stack: 0x0000000059d90000,0x0000000059e90000] [id=1268]
  0x0000000058dc4000 WatcherThread [stack: 0x000000005b0e0000,0x000000005b1e0000] [id=6476]

VM state:not at safepoint (normal execution)

VM Mutex/Monitor currently owned by a thread: None

Heap:
 PSYoungGen      total 38400K, used 19990K [0x00000000d5700000, 0x00000000d8180000, 0x0000000100000000)
  eden space 33280K, 60% used [0x00000000d5700000,0x00000000d6a85bc0,0x00000000d7780000)
  from space 5120K, 0% used [0x00000000d7c80000,0x00000000d7c80000,0x00000000d8180000)
  to   space 5120K, 0% used [0x00000000d7780000,0x00000000d7780000,0x00000000d7c80000)
 ParOldGen       total 87552K, used 0K [0x0000000080400000, 0x0000000085980000, 0x00000000d5700000)
  object space 87552K, 0% used [0x0000000080400000,0x0000000080400000,0x0000000085980000)
 Metaspace       used 8694K, capacity 8816K, committed 9088K, reserved 1056768K
  class space    used 1051K, capacity 1106K, committed 1152K, reserved 1048576K

Card table byte_map: [0x0000000011b50000,0x0000000011f50000] byte_map_base: 0x000000001174e000

Marking Bits: (ParMarkBitMap*) 0x000000005e7ad490
 Begin Bits: [0x0000000012e90000, 0x0000000014e80000)
 End Bits:   [0x0000000014e80000, 0x0000000016e70000)

Polling page: 0x0000000000430000

CodeCache: size=245760Kb used=2698Kb max_used=2698Kb free=243061Kb
 bounds [0x0000000002790000, 0x0000000002a40000, 0x0000000011790000]
 total_blobs=949 nmethods=635 adapters=236
 compilation: enabled

Compilation events (10 events):
Event: 0.625 Thread 0x0000000058d42800 nmethod 631 0x0000000002a301d0 code [0x0000000002a30340, 0x0000000002a308f8]
Event: 0.626 Thread 0x0000000058d5f000 nmethod 635 0x0000000002a2b750 code [0x0000000002a2b8e0, 0x0000000002a2bd38]
Event: 0.626 Thread 0x0000000058d5f000  616   !   3       java.lang.StringCoding$StringEncoder::encode (179 bytes)
Event: 0.627 Thread 0x0000000058d5f000 nmethod 616 0x0000000002a30d90 code [0x0000000002a31100, 0x0000000002a32df8]
Event: 0.627 Thread 0x0000000058d5f000  617       3       java.lang.StringCoding::access$300 (8 bytes)
Event: 0.627 Thread 0x0000000058d5f000 nmethod 617 0x0000000002a2ae10 code [0x0000000002a2afa0, 0x0000000002a2b4c8]
Event: 0.627 Thread 0x0000000058d5f000  618       3       java.lang.StringCoding::safeTrim (24 bytes)
Event: 0.627 Thread 0x0000000058d5f000 nmethod 618 0x0000000002a2f610 code [0x0000000002a2f7a0, 0x0000000002a2fc68]
Event: 0.627 Thread 0x0000000058d5f000  607       3       sun.security.provider.ByteArrayAccess::b2iBig64 (614 bytes)
Event: 0.628 Thread 0x0000000058d5f000 nmethod 607 0x0000000002a340d0 code [0x0000000002a342e0, 0x0000000002a350a8]

GC Heap History (0 events):
No events

Deoptimization events (10 events):
Event: 0.465 Thread 0x00000000021ee800 Uncommon trap: reason=range_check action=none pc=0x000000000299f98c method=sun.reflect.generics.parser.SignatureParser.current()C @ 34
Event: 0.465 Thread 0x00000000021ee800 Uncommon trap: reason=range_check action=none pc=0x000000000299f98c method=sun.reflect.generics.parser.SignatureParser.current()C @ 34
Event: 0.466 Thread 0x00000000021ee800 Uncommon trap: reason=range_check action=none pc=0x000000000299f98c method=sun.reflect.generics.parser.SignatureParser.current()C @ 34
Event: 0.466 Thread 0x00000000021ee800 Uncommon trap: reason=range_check action=none pc=0x000000000299f98c method=sun.reflect.generics.parser.SignatureParser.current()C @ 34
Event: 0.474 Thread 0x00000000021ee800 Uncommon trap: reason=range_check action=none pc=0x000000000299f98c method=sun.reflect.generics.parser.SignatureParser.current()C @ 34
Event: 0.474 Thread 0x00000000021ee800 Uncommon trap: reason=range_check action=none pc=0x000000000299f98c method=sun.reflect.generics.parser.SignatureParser.current()C @ 34
Event: 0.474 Thread 0x00000000021ee800 Uncommon trap: reason=range_check action=none pc=0x000000000299f98c method=sun.reflect.generics.parser.SignatureParser.current()C @ 34
Event: 0.475 Thread 0x00000000021ee800 Uncommon trap: reason=range_check action=none pc=0x000000000299f98c method=sun.reflect.generics.parser.SignatureParser.current()C @ 34
Event: 0.475 Thread 0x00000000021ee800 Uncommon trap: reason=range_check action=none pc=0x000000000299f98c method=sun.reflect.generics.parser.SignatureParser.current()C @ 34
Event: 0.489 Thread 0x00000000021ee800 Uncommon trap: reason=unreached action=reinterpret pc=0x0000000002960614 method=java.lang.AbstractStringBuilder.append(Ljava/lang/String;)Ljava/lang/AbstractStringBuilder; @ 1

Internal exceptions (10 events):
Event: 0.492 Thread 0x00000000021ee800 Exception <a 'java/security/PrivilegedActionException'> (0x00000000d68a6218) thrown at [D:\re\workspace\8-2-build-windows-amd64-cygwin\jdk8u25\1677\hotspot\src\share\vm\prims\jvm.cpp, line 1312]
Event: 0.493 Thread 0x00000000021ee800 Exception <a 'java/security/PrivilegedActionException'> (0x00000000d68ab300) thrown at [D:\re\workspace\8-2-build-windows-amd64-cygwin\jdk8u25\1677\hotspot\src\share\vm\prims\jvm.cpp, line 1312]
Event: 0.493 Thread 0x00000000021ee800 Exception <a 'java/security/PrivilegedActionException'> (0x00000000d68b0c10) thrown at [D:\re\workspace\8-2-build-windows-amd64-cygwin\jdk8u25\1677\hotspot\src\share\vm\prims\jvm.cpp, line 1312]
Event: 0.494 Thread 0x00000000021ee800 Exception <a 'java/security/PrivilegedActionException'> (0x00000000d68b3c38) thrown at [D:\re\workspace\8-2-build-windows-amd64-cygwin\jdk8u25\1677\hotspot\src\share\vm\prims\jvm.cpp, line 1312]
Event: 0.494 Thread 0x00000000021ee800 Exception <a 'java/security/PrivilegedActionException'> (0x00000000d68b7ef8) thrown at [D:\re\workspace\8-2-build-windows-amd64-cygwin\jdk8u25\1677\hotspot\src\share\vm\prims\jvm.cpp, line 1312]
Event: 0.495 Thread 0x00000000021ee800 Exception <a 'java/security/PrivilegedActionException'> (0x00000000d68bc2a0) thrown at [D:\re\workspace\8-2-build-windows-amd64-cygwin\jdk8u25\1677\hotspot\src\share\vm\prims\jvm.cpp, line 1312]
Event: 0.495 Thread 0x00000000021ee800 Exception <a 'java/security/PrivilegedActionException'> (0x00000000d68c05d0) thrown at [D:\re\workspace\8-2-build-windows-amd64-cygwin\jdk8u25\1677\hotspot\src\share\vm\prims\jvm.cpp, line 1312]
Event: 0.496 Thread 0x00000000021ee800 Exception <a 'java/security/PrivilegedActionException'> (0x00000000d68c47d0) thrown at [D:\re\workspace\8-2-build-windows-amd64-cygwin\jdk8u25\1677\hotspot\src\share\vm\prims\jvm.cpp, line 1312]
Event: 0.496 Thread 0x00000000021ee800 Exception <a 'java/security/PrivilegedActionException'> (0x00000000d68c6f38) thrown at [D:\re\workspace\8-2-build-windows-amd64-cygwin\jdk8u25\1677\hotspot\src\share\vm\prims\jvm.cpp, line 1312]
Event: 0.624 Thread 0x00000000021ee800 Exception <a 'java/security/PrivilegedActionException'> (0x00000000d69ec778) thrown at [D:\re\workspace\8-2-build-windows-amd64-cygwin\jdk8u25\1677\hotspot\src\share\vm\prims\jvm.cpp, line 1312]

Events (10 events):
Event: 175.911 Executing VM operation: GetCurrentLocation
Event: 175.912 Executing VM operation: GetCurrentLocation done
Event: 175.912 Executing VM operation: EnterInterpOnlyMode
Event: 175.912 Executing VM operation: EnterInterpOnlyMode done
Event: 175.912 Executing VM operation: ChangeSingleStep
Event: 175.912 Executing VM operation: ChangeSingleStep done
Event: 175.912 Executing VM operation: ChangeSingleStep
Event: 175.912 Executing VM operation: ChangeSingleStep done
Event: 175.914 Executing VM operation: RedefineClasses
Event: 175.917 Executing VM operation: RedefineClasses done


Dynamic libraries:
0x000000013f410000 - 0x000000013f444000 	C:\Program Files\Java\jdk1.8.0_25\bin\javaw.exe
0x0000000076f00000 - 0x00000000770a9000 	C:\Windows\SYSTEM32\ntdll.dll
0x0000000076de0000 - 0x0000000076eff000 	C:\Windows\system32\kernel32.dll
0x000007fefd000000 - 0x000007fefd06c000 	C:\Windows\system32\KERNELBASE.dll
0x000007fefd0c0000 - 0x000007fefd19b000 	C:\Windows\system32\ADVAPI32.dll
0x000007fefdd10000 - 0x000007fefddaf000 	C:\Windows\system32\msvcrt.dll
0x000007fefeea0000 - 0x000007fefeebf000 	C:\Windows\SYSTEM32\sechost.dll
0x000007fefd910000 - 0x000007fefda3d000 	C:\Windows\system32\RPCRT4.dll
0x0000000076ce0000 - 0x0000000076dda000 	C:\Windows\system32\USER32.dll
0x000007feff1a0000 - 0x000007feff207000 	C:\Windows\system32\GDI32.dll
0x000007fefe0e0000 - 0x000007fefe0ee000 	C:\Windows\system32\LPK.dll
0x000007feff0d0000 - 0x000007feff199000 	C:\Windows\system32\USP10.dll
0x000007fefb340000 - 0x000007fefb534000 	C:\Windows\WinSxS\amd64_microsoft.windows.common-controls_6595b64144ccf1df_6.0.7601.18837_none_fa3b1e3d17594757\COMCTL32.dll
0x000007fefddb0000 - 0x000007fefde21000 	C:\Windows\system32\SHLWAPI.dll
0x000007fefd680000 - 0x000007fefd6ae000 	C:\Windows\system32\IMM32.DLL
0x000007fefdfd0000 - 0x000007fefe0d9000 	C:\Windows\system32\MSCTF.dll
0x000000005f8a0000 - 0x000000005f972000 	C:\Program Files\Java\jdk1.8.0_25\jre\bin\msvcr100.dll
0x000000005dfd0000 - 0x000000005e82a000 	C:\Program Files\Java\jdk1.8.0_25\jre\bin\server\jvm.dll
0x000007fef7700000 - 0x000007fef7709000 	C:\Windows\system32\WSOCK32.dll
0x000007fefd070000 - 0x000007fefd0bd000 	C:\Windows\system32\WS2_32.dll
0x000007fefde30000 - 0x000007fefde38000 	C:\Windows\system32\NSI.dll
0x000007fefa390000 - 0x000007fefa3cb000 	C:\Windows\system32\WINMM.dll
0x00000000770d0000 - 0x00000000770d7000 	C:\Windows\system32\PSAPI.DLL
0x0000000067e50000 - 0x0000000067e5f000 	C:\Program Files\Java\jdk1.8.0_25\jre\bin\verify.dll
0x0000000067d00000 - 0x0000000067d28000 	C:\Program Files\Java\jdk1.8.0_25\jre\bin\java.dll
0x0000000067b80000 - 0x0000000067bb5000 	C:\Program Files\Java\jdk1.8.0_25\jre\bin\jdwp.dll
0x0000000067ea0000 - 0x0000000067ea8000 	C:\Program Files\Java\jdk1.8.0_25\jre\bin\npt.dll
0x0000000067d40000 - 0x0000000067d56000 	C:\Program Files\Java\jdk1.8.0_25\jre\bin\zip.dll
0x000007fefe0f0000 - 0x000007fefee79000 	C:\Windows\system32\SHELL32.dll
0x000007fefeec0000 - 0x000007feff0c3000 	C:\Windows\system32\ole32.dll
0x000007fefccc0000 - 0x000007fefcccf000 	C:\Windows\system32\profapi.dll
0x0000000067d30000 - 0x0000000067d39000 	C:\Program Files\Java\jdk1.8.0_25\jre\bin\dt_socket.dll
0x000007fef9f80000 - 0x000007fef9f95000 	C:\Windows\system32\NLAapi.dll
0x000007fef5540000 - 0x000007fef5555000 	C:\Windows\system32\napinsp.dll
0x000007fef5520000 - 0x000007fef5539000 	C:\Windows\system32\pnrpnsp.dll
0x000007fefc410000 - 0x000007fefc465000 	C:\Windows\System32\mswsock.dll
0x000007fefc240000 - 0x000007fefc29b000 	C:\Windows\system32\DNSAPI.dll
0x000007fef5510000 - 0x000007fef551b000 	C:\Windows\System32\winrnr.dll
0x0000000068410000 - 0x0000000068436000 	C:\Program Files\Bonjour\mdnsNSP.dll
0x000007fef9340000 - 0x000007fef9367000 	C:\Windows\system32\Iphlpapi.DLL
0x000007fef9330000 - 0x000007fef933b000 	C:\Windows\system32\WINNSI.DLL
0x000007fef9160000 - 0x000007fef91b3000 	C:\Windows\System32\fwpuclnt.dll
0x000007fef5930000 - 0x000007fef5938000 	C:\Windows\system32\rasadhlp.dll
0x000007fefbff0000 - 0x000007fefbff7000 	C:\Windows\System32\wshtcpip.dll
0x0000000067bf0000 - 0x0000000067c0a000 	C:\Program Files\Java\jdk1.8.0_25\jre\bin\net.dll
0x000007fefc590000 - 0x000007fefc597000 	C:\Windows\System32\wship6.dll
0x000007fefc6a0000 - 0x000007fefc6b8000 	C:\Windows\system32\CRYPTSP.dll
0x000007fefc190000 - 0x000007fefc1d7000 	C:\Windows\system32\rsaenh.dll
0x000007fefcce0000 - 0x000007fefccfe000 	C:\Windows\system32\USERENV.dll
0x000007fefcb50000 - 0x000007fefcb5f000 	C:\Windows\system32\CRYPTBASE.dll
0x000007fef90d0000 - 0x000007fef90e1000 	C:\Windows\system32\dhcpcsvc6.DLL
0x000007fef9130000 - 0x000007fef9148000 	C:\Windows\system32\dhcpcsvc.DLL
0x0000000067a00000 - 0x0000000067a11000 	C:\Program Files\Java\jdk1.8.0_25\jre\bin\nio.dll
0x000007fef9fd0000 - 0x000007fefa0f5000 	C:\Windows\system32\dbghelp.dll

VM Arguments:
jvm_args: -agentlib:jdwp=transport=dt_socket,suspend=y,address=localhost:55738 -ea -Dfile.encoding=Cp1252 
java_command: org.eclipse.jdt.internal.junit.runner.RemoteTestRunner -version 3 -port 55737 -testLoaderClass org.eclipse.jdt.internal.junit4.runner.JUnit4TestLoader -loaderpluginname org.eclipse.jdt.junit4.runtime -testNameFile C:\Users\ANDREW~1\AppData\Local\Temp\testNames2475825504389846216.txt
java_class_path (initial): L:\code\Research\mindseye\target\test-classes;L:\code\Research\mindseye\target\classes;C:\Users\Andrew Charneski\.m2\repository\junit\junit\4.12\junit-4.12.jar;C:\Users\Andrew Charneski\.m2\repository\org\hamcrest\hamcrest-core\1.3\hamcrest-core-1.3.jar;C:\Users\Andrew Charneski\.m2\repository\org\jblas\jblas\1.2.4\jblas-1.2.4.jar;C:\Users\Andrew Charneski\.m2\repository\ch\qos\logback\logback-classic\1.1.3\logback-classic-1.1.3.jar;C:\Users\Andrew Charneski\.m2\repository\ch\qos\logback\logback-core\1.1.3\logback-core-1.1.3.jar;C:\Users\Andrew Charneski\.m2\repository\org\slf4j\slf4j-api\1.7.7\slf4j-api-1.7.7.jar;C:\Users\Andrew Charneski\.m2\repository\org\codehaus\groovy\groovy-all\2.4.3\groovy-all-2.4.3.jar;C:\Users\Andrew Charneski\.m2\repository\org\apache\commons\commons-compress\1.9\commons-compress-1.9.jar;C:\Users\Andrew Charneski\.m2\repository\commons-io\commons-io\2.4\commons-io-2.4.jar;C:\Users\Andrew Charneski\.m2\repository\org\apache\commons\commons-math3\3.5\commons-math3-3.5.jar;C:\Users\Andrew Charneski\.m2\repository\com\esotericsoftware\kryo\kryo\2.24.0\kryo-2.24.0.jar;C:\Users\Andrew Charneski\.m2\repository\com\esotericsoftware\minlog\minlog\1.2\minlog-1.2.jar;C:\Users\Andrew Charneski\.m2\repository\org\objenesis\objenesis\2.1\objenesis-2.1.jar;C:\Users\Andrew Charneski\.m2\repository\com\google\guava\guava\18.0\guava-18.0.jar;C:\Users\Andrew Charneski\.m2\repository\de\javakaffee\kryo-serializers\0.33\kryo-serializers-0.33.jar;C:\Users\Andrew Charneski\.m2\repository\com\esotericsoftware\kryo\3.0.2\kryo-3.0.2.jar;C:\Users\Andrew Charneski\.m2\repository\com\esotericsoftware\reflectasm\1.10.1\reflectasm-1.10.1.jar;C:\Users\Andrew Charneski\.m2\repository\org\ow2\asm\asm\5.0.3\asm-5.0.3.jar;C:\Users\Andrew Charneski\.m2\repository\com\esotericsoftware\minlog\1.3.0\minlog-1.3.0.jar;C:\Users\Andrew Charneski\.m2\repository\com\google\protobuf\protobuf-java\2.6.1\protobuf-java-2.6.1.jar;/F:/eclipse/mars/configuration
Launcher Type: SUN_STANDARD

Environment Variables:
PATH=C:\Program Files\Java\jdk1.8.0_25\jre\bin;C:\ProgramData\Oracle\Java\javapath;C:\Program Files (x86)\NVIDIA Corporation\PhysX\Common;C:\Windows\system32;C:\Windows;C:\Windows\System32\Wbem;C:\Windows\System32\WindowsPowerShell\v1.0\;C:\Program Files (x86)\Windows Kits\8.0\Windows Performance Toolkit\;L:\RevoDrive\android-sdks\platform-tools;C:\Program Files (x86)\Common Files\ThinPrint\;C:\Program Files (x86)\QuickTime\QTSystem\
USERNAME=Andrew Charneski
OS=Windows_NT
PROCESSOR_IDENTIFIER=Intel64 Family 6 Model 42 Stepping 7, GenuineIntel



---------------  S Y S T E M  ---------------

OS: Windows 7 , 64 bit Build 7601 Service Pack 1

CPU:total 8 (4 cores per cpu, 2 threads per core) family 6 model 42 stepping 7, cmov, cx8, fxsr, mmx, sse, sse2, sse3, ssse3, sse4.1, sse4.2, popcnt, avx, aes, clmul, ht, tsc, tscinvbit

Memory: 4k page, physical 8365912k(3164776k free), swap 16729984k(10344324k free)

vm_info: Java HotSpot(TM) 64-Bit Server VM (25.25-b02) for windows-amd64 JRE (1.8.0_25-b18), built on Oct  7 2014 14:25:37 by "java_re" with MS VC++ 10.0 (VS2010)

time: Mon Aug 31 21:57:57 2015
elapsed time: 175 seconds (0d 0h 2m 55s)

