#
# A fatal error has been detected by the Java Runtime Environment:
#
#  EXCEPTION_ACCESS_VIOLATION (0xc0000005) at pc=0x000000005f7e285c, pid=3516, tid=1808
#
# JRE version: Java(TM) SE Runtime Environment (8.0_25-b18) (build 1.8.0_25-b18)
# Java VM: Java HotSpot(TM) 64-Bit Server VM (25.25-b02 mixed mode windows-amd64 compressed oops)
# Problematic frame:
# C  [jdwp.dll+0x2285c]
#
# Failed to write core dump. Minidumps are not enabled by default on client versions of Windows
#
# If you would like to submit a bug report, please visit:
#   http://bugreport.sun.com/bugreport/crash.jsp
# The crash happened outside the Java Virtual Machine in native code.
# See problematic frame for where to report the bug.
#

---------------  T H R E A D  ---------------

Current thread (0x0000000058b1f800):  JavaThread "JDWP Command Reader" daemon [_thread_in_native, id=1808, stack(0x000000005a710000,0x000000005a810000)]

siginfo: ExceptionCode=0xc0000005, reading address 0x0000000000000000

Registers:
RAX=0x000000005f7ef590, RBX=0x000000000000000c, RCX=0x0000000000000000, RDX=0x0000000000000028
RSP=0x000000005a80f7d0, RBP=0x000000005f7e91a8, RSI=0x0000000000000004, RDI=0x00000000674733c0
R8 =0x000000005a80f838, R9 =0x7eff06fdfe14ff6b, R10=0x81010101010100f8, R11=0x8101010101010100
R12=0x0000000058b20190, R13=0x0000000058b20568, R14=0x0000000000000000, R15=0x000000005f7e9198
RIP=0x000000005f7e285c, EFLAGS=0x0000000000010206

Top of Stack: (sp=0x000000005a80f7d0)
0x000000005a80f7d0:   0000000000002714 ffffffffffb3b4c0
0x000000005a80f7e0:   0000000000000378 000000005a80f908
0x000000005a80f7f0:   0000000000000001 00000000674723c0
0x000000005a80f800:   000000005f7e9198 0000000000000000
0x000000005a80f810:   0000000058b20568 0000000000000000
0x000000005a80f820:   00000000674733c0 000000006747108e
0x000000005a80f830:   000000000000000c 000007feff163776
0x000000005a80f840:   0000000000000004 000000005efddc01
0x000000005a80f850:   7075727265746e49 636e756620646574
0x000000005a80f860:   6c6163206e6f6974 000007feff16006c
0x000000005a80f870:   000000005f7e9198 0000000000000000
0x000000005a80f880:   0000000058b20568 0000000000000000
0x000000005a80f890:   0000000000000314 000007feff151649
0x000000005a80f8a0:   0000000000000314 00000000022d59a0
0x000000005a80f8b0:   0000000000000004 000000005a80f8f4
0x000000005a80f8c0:   000000005a80f958 0000000000000000 

Instructions: (pc=0x000000005f7e285c)
0x000000005f7e283c:   83 ec 50 48 63 d1 85 c9 75 07 33 c0 e9 84 00 00
0x000000005f7e284c:   00 48 8b 05 84 d4 00 00 4c 8d 44 24 68 48 8b 08
0x000000005f7e285c:   48 8b 01 ff 90 68 01 00 00 8b f8 85 c0 74 61 8b
0x000000005f7e286c:   c8 e8 72 ca fe ff 48 8b d8 ff 15 b5 49 00 00 c7 


Register to memory mapping:

RAX=0x000000005f7ef590 is an unknown value
RBX=0x000000000000000c is an unknown value
RCX=0x0000000000000000 is an unknown value
RDX=0x0000000000000028 is an unknown value
RSP=0x000000005a80f7d0 is pointing into the stack for thread: 0x0000000058b1f800
RBP=0x000000005f7e91a8 is an unknown value
RSI=0x0000000000000004 is an unknown value
RDI=0x00000000674733c0 is an unknown value
R8 =0x000000005a80f838 is pointing into the stack for thread: 0x0000000058b1f800
R9 =0x7eff06fdfe14ff6b is an unknown value
R10=0x81010101010100f8 is an unknown value
R11=0x8101010101010100 is an unknown value
R12=0x0000000058b20190 is an unknown value
R13=0x0000000058b20568 is an unknown value
R14=0x0000000000000000 is an unknown value
R15=0x000000005f7e9198 is an unknown value


Stack: [0x000000005a710000,0x000000005a810000],  sp=0x000000005a80f7d0,  free space=1021k
Native frames: (J=compiled Java code, j=interpreted, Vv=VM code, C=native code)
C  [jdwp.dll+0x2285c]
C  [dt_socket.dll+0x108e]
C  [dt_socket.dll+0x15f6]
C  [jdwp.dll+0x1fa05]
C  [jdwp.dll+0xecea]
V  [jvm.dll+0x1abba8]
V  [jvm.dll+0x22bde4]
V  [jvm.dll+0x2852fa]
C  [msvcr100.dll+0x21d9f]
C  [msvcr100.dll+0x21e3b]
C  [kernel32.dll+0x159cd]
C  [ntdll.dll+0x2b981]


---------------  P R O C E S S  ---------------

Java Threads: ( => current thread )
  0x000000005ba5f800 JavaThread "ForkJoinPool.commonPool-worker-3" daemon [_thread_blocked, id=5888, stack(0x000000005c480000,0x000000005c580000)]
  0x000000005ba5e800 JavaThread "ForkJoinPool.commonPool-worker-2" daemon [_thread_blocked, id=3536, stack(0x000000005c2f0000,0x000000005c3f0000)]
  0x000000005b985000 JavaThread "ForkJoinPool.commonPool-worker-1" daemon [_thread_blocked, id=6012, stack(0x000000005bf70000,0x000000005c070000)]
  0x0000000058bb2000 JavaThread "Service Thread" daemon [_thread_blocked, id=5180, stack(0x000000005b040000,0x000000005b140000)]
  0x0000000058b3e000 JavaThread "C1 CompilerThread3" daemon [_thread_blocked, id=3140, stack(0x000000005a920000,0x000000005aa20000)]
  0x0000000058b3a000 JavaThread "C2 CompilerThread2" daemon [_thread_blocked, id=1408, stack(0x000000005ae90000,0x000000005af90000)]
  0x0000000058b39800 JavaThread "C2 CompilerThread1" daemon [_thread_blocked, id=4632, stack(0x000000005acb0000,0x000000005adb0000)]
  0x0000000058b2d800 JavaThread "C2 CompilerThread0" daemon [_thread_blocked, id=5988, stack(0x000000005aaf0000,0x000000005abf0000)]
=>0x0000000058b1f800 JavaThread "JDWP Command Reader" daemon [_thread_in_native, id=1808, stack(0x000000005a710000,0x000000005a810000)]
  0x0000000058b1e800 JavaThread "JDWP Event Helper Thread" daemon [_thread_blocked, id=4860, stack(0x000000005a4f0000,0x000000005a5f0000)]
  0x0000000057a5e000 JavaThread "JDWP Transport Listener: dt_socket" daemon [_thread_blocked, id=3576, stack(0x0000000059e80000,0x0000000059f80000)]
  0x0000000058b08800 JavaThread "Attach Listener" daemon [_thread_blocked, id=5720, stack(0x000000005a130000,0x000000005a230000)]
  0x0000000058b07000 JavaThread "Signal Dispatcher" daemon [_thread_blocked, id=2216, stack(0x0000000059f90000,0x000000005a090000)]
  0x0000000057a4a800 JavaThread "Finalizer" daemon [_thread_blocked, id=5964, stack(0x0000000059d70000,0x0000000059e70000)]
  0x000000000214f000 JavaThread "Reference Handler" daemon [_thread_blocked, id=2988, stack(0x0000000059c20000,0x0000000059d20000)]
  0x00000000003ae800 JavaThread "main" [_thread_blocked, id=3372, stack(0x0000000002480000,0x0000000002580000)]

Other Threads:
  0x0000000058ab3000 VMThread [stack: 0x0000000059af0000,0x0000000059bf0000] [id=4800]

VM state:at safepoint (normal execution)

VM Mutex/Monitor currently owned by a thread:  ([mutex/lock_event])
[0x00000000020b8880] Threads_lock - owner thread: 0x0000000058ab3000

Heap:
 PSYoungGen      total 38400K, used 33602K [0x00000000d5700000, 0x00000000da200000, 0x0000000100000000)
  eden space 33280K, 86% used [0x00000000d5700000,0x00000000d7301b50,0x00000000d7780000)
  from space 5120K, 96% used [0x00000000d7780000,0x00000000d7c4ee60,0x00000000d7c80000)
  to   space 5120K, 0% used [0x00000000d9d00000,0x00000000d9d00000,0x00000000da200000)
 ParOldGen       total 87552K, used 80K [0x0000000080400000, 0x0000000085980000, 0x00000000d5700000)
  object space 87552K, 0% used [0x0000000080400000,0x0000000080414010,0x0000000085980000)
 Metaspace       used 12373K, capacity 12900K, committed 12928K, reserved 1060864K
  class space    used 1558K, capacity 1664K, committed 1664K, reserved 1048576K

Card table byte_map: [0x0000000011c10000,0x0000000012010000] byte_map_base: 0x000000001180e000

Marking Bits: (ParMarkBitMap*) 0x000000005f5bd490
 Begin Bits: [0x0000000012c80000, 0x0000000014c70000)
 End Bits:   [0x0000000014c70000, 0x0000000016c60000)

Polling page: 0x0000000000320000

CodeCache: size=245760Kb used=5533Kb max_used=5577Kb free=240226Kb
 bounds [0x0000000002850000, 0x0000000002dd0000, 0x0000000011850000]
 total_blobs=2230 nmethods=1861 adapters=290
 compilation: enabled

Compilation events (10 events):
Event: 1.478 Thread 0x0000000058b3a000 nmethod 1857 0x0000000002da6250 code [0x0000000002da63e0, 0x0000000002da67a8]
Event: 1.478 Thread 0x0000000058b3a000 1858       4       java.util.Formatter$Conversion::isValid (47 bytes)
Event: 1.479 Thread 0x0000000058b3e000 1860       3       com.google.common.cache.LocalCache::evictsBySize (15 bytes)
Event: 1.479 Thread 0x0000000058b3e000 nmethod 1860 0x0000000002d9ac50 code [0x0000000002d9ada0, 0x0000000002d9af70]
Event: 1.480 Thread 0x0000000058b3a000 nmethod 1858 0x0000000002da7110 code [0x0000000002da7740, 0x0000000002da7858]
Event: 1.487 Thread 0x0000000058b3a000 1861       4       java.util.stream.ReduceOps$3::makeSink (5 bytes)
Event: 1.488 Thread 0x0000000058b3a000 nmethod 1861 0x0000000002da3fd0 code [0x0000000002da4120, 0x0000000002da41f8]
Event: 1.494 Thread 0x0000000058b3e000 1862       3       java.security.CodeSource::getCertificates (98 bytes)
Event: 1.494 Thread 0x0000000058b2d800 nmethod 1553 0x0000000002db7850 code [0x0000000002db7d60, 0x0000000002dc3300]
Event: 1.495 Thread 0x0000000058b3e000 nmethod 1862 0x0000000002da44d0 code [0x0000000002da46e0, 0x0000000002da53b8]

GC Heap History (2 events):
Event: 0.902 GC heap before
{Heap before GC invocations=1 (full 0):
 PSYoungGen      total 38400K, used 33280K [0x00000000d5700000, 0x00000000d8180000, 0x0000000100000000)
  eden space 33280K, 100% used [0x00000000d5700000,0x00000000d7780000,0x00000000d7780000)
  from space 5120K, 0% used [0x00000000d7c80000,0x00000000d7c80000,0x00000000d8180000)
  to   space 5120K, 0% used [0x00000000d7780000,0x00000000d7780000,0x00000000d7c80000)
 ParOldGen       total 87552K, used 0K [0x0000000080400000, 0x0000000085980000, 0x00000000d5700000)
  object space 87552K, 0% used [0x0000000080400000,0x0000000080400000,0x0000000085980000)
 Metaspace       used 11868K, capacity 12250K, committed 12416K, reserved 1060864K
  class space    used 1512K, capacity 1643K, committed 1664K, reserved 1048576K
Event: 0.946 GC heap after
Heap after GC invocations=1 (full 0):
 PSYoungGen      total 38400K, used 4923K [0x00000000d5700000, 0x00000000da200000, 0x0000000100000000)
  eden space 33280K, 0% used [0x00000000d5700000,0x00000000d5700000,0x00000000d7780000)
  from space 5120K, 96% used [0x00000000d7780000,0x00000000d7c4ee60,0x00000000d7c80000)
  to   space 5120K, 0% used [0x00000000d9d00000,0x00000000d9d00000,0x00000000da200000)
 ParOldGen       total 87552K, used 80K [0x0000000080400000, 0x0000000085980000, 0x00000000d5700000)
  object space 87552K, 0% used [0x0000000080400000,0x0000000080414010,0x0000000085980000)
 Metaspace       used 11868K, capacity 12250K, committed 12416K, reserved 1060864K
  class space    used 1512K, capacity 1643K, committed 1664K, reserved 1048576K
}

Deoptimization events (10 events):
Event: 0.434 Thread 0x00000000003ae800 Uncommon trap: reason=range_check action=none pc=0x0000000002a97fcc method=sun.reflect.generics.parser.SignatureParser.current()C @ 34
Event: 0.443 Thread 0x00000000003ae800 Uncommon trap: reason=range_check action=none pc=0x0000000002a97fcc method=sun.reflect.generics.parser.SignatureParser.current()C @ 34
Event: 0.443 Thread 0x00000000003ae800 Uncommon trap: reason=range_check action=none pc=0x0000000002a97fcc method=sun.reflect.generics.parser.SignatureParser.current()C @ 34
Event: 0.443 Thread 0x00000000003ae800 Uncommon trap: reason=range_check action=none pc=0x0000000002a97fcc method=sun.reflect.generics.parser.SignatureParser.current()C @ 34
Event: 0.443 Thread 0x00000000003ae800 Uncommon trap: reason=range_check action=none pc=0x0000000002a97fcc method=sun.reflect.generics.parser.SignatureParser.current()C @ 34
Event: 0.444 Thread 0x00000000003ae800 Uncommon trap: reason=range_check action=none pc=0x0000000002a97fcc method=sun.reflect.generics.parser.SignatureParser.current()C @ 34
Event: 0.458 Thread 0x00000000003ae800 Uncommon trap: reason=unreached action=reinterpret pc=0x0000000002a4d1b4 method=java.lang.AbstractStringBuilder.append(Ljava/lang/String;)Ljava/lang/AbstractStringBuilder; @ 1
Event: 0.612 Thread 0x00000000003ae800 Uncommon trap: reason=range_check action=none pc=0x0000000002a97fcc method=sun.reflect.generics.parser.SignatureParser.current()C @ 34
Event: 0.613 Thread 0x00000000003ae800 Uncommon trap: reason=range_check action=none pc=0x0000000002a97fcc method=sun.reflect.generics.parser.SignatureParser.current()C @ 34
Event: 0.615 Thread 0x00000000003ae800 Uncommon trap: reason=range_check action=none pc=0x0000000002a97fcc method=sun.reflect.generics.parser.SignatureParser.current()C @ 34

Internal exceptions (10 events):
Event: 1.491 Thread 0x00000000003ae800 Exception <a 'java/lang/reflect/InvocationTargetException'> (0x00000000d7211cd8) thrown at [D:\re\workspace\8-2-build-windows-amd64-cygwin\jdk8u25\1677\hotspot\src\share\vm\runtime\reflection.cpp, line 1080]
Event: 1.491 Thread 0x00000000003ae800 Exception <a 'java/security/PrivilegedActionException'> (0x00000000d7212400) thrown at [D:\re\workspace\8-2-build-windows-amd64-cygwin\jdk8u25\1677\hotspot\src\share\vm\prims\jvm.cpp, line 1312]
Event: 1.492 Thread 0x00000000003ae800 Exception <a 'java/security/PrivilegedActionException'> (0x00000000d7216d88) thrown at [D:\re\workspace\8-2-build-windows-amd64-cygwin\jdk8u25\1677\hotspot\src\share\vm\prims\jvm.cpp, line 1312]
Event: 1.492 Thread 0x00000000003ae800 Exception <a 'java/security/PrivilegedActionException'> (0x00000000d721b050) thrown at [D:\re\workspace\8-2-build-windows-amd64-cygwin\jdk8u25\1677\hotspot\src\share\vm\prims\jvm.cpp, line 1312]
Event: 1.493 Thread 0x00000000003ae800 Exception <a 'java/security/PrivilegedActionException'> (0x00000000d721f3e8) thrown at [D:\re\workspace\8-2-build-windows-amd64-cygwin\jdk8u25\1677\hotspot\src\share\vm\prims\jvm.cpp, line 1312]
Event: 1.493 Thread 0x00000000003ae800 Exception <a 'java/security/PrivilegedActionException'> (0x00000000d7223038) thrown at [D:\re\workspace\8-2-build-windows-amd64-cygwin\jdk8u25\1677\hotspot\src\share\vm\prims\jvm.cpp, line 1312]
Event: 1.493 Thread 0x00000000003ae800 Exception <a 'java/security/PrivilegedActionException'> (0x00000000d7226808) thrown at [D:\re\workspace\8-2-build-windows-amd64-cygwin\jdk8u25\1677\hotspot\src\share\vm\prims\jvm.cpp, line 1312]
Event: 1.495 Thread 0x00000000003ae800 Exception <a 'java/security/PrivilegedActionException'> (0x00000000d723a220) thrown at [D:\re\workspace\8-2-build-windows-amd64-cygwin\jdk8u25\1677\hotspot\src\share\vm\prims\jvm.cpp, line 1312]
Event: 1.496 Thread 0x00000000003ae800 Exception <a 'java/security/PrivilegedActionException'> (0x00000000d723e440) thrown at [D:\re\workspace\8-2-build-windows-amd64-cygwin\jdk8u25\1677\hotspot\src\share\vm\prims\jvm.cpp, line 1312]
Event: 1.496 Thread 0x0000000058d37000 Exception <a 'java/net/SocketException': Socket closed> (0x00000000d728d368) thrown at [D:\re\workspace\8-2-build-windows-amd64-cygwin\jdk8u25\1677\hotspot\src\share\vm\prims\jni.cpp, line 742]

Events (10 events):
Event: 1.496 loading class sun/net/ConnectionResetException
Event: 1.496 loading class sun/net/ConnectionResetException done
Event: 1.496 loading class java/util/IdentityHashMap$KeyIterator
Event: 1.496 Thread 0x0000000058d37000 Thread exited: 0x0000000058d37000
Event: 1.496 loading class java/util/IdentityHashMap$IdentityHashMapIterator
Event: 1.496 loading class java/util/IdentityHashMap$IdentityHashMapIterator done
Event: 1.496 loading class java/util/IdentityHashMap$KeyIterator done
Event: 1.497 Thread 0x0000000058d37000 Thread added: 0x0000000058d37000
Event: 1.497 Thread 0x0000000058d37000 Thread exited: 0x0000000058d37000
Event: 1.497 Executing VM operation: Exit


Dynamic libraries:
0x000000013feb0000 - 0x000000013fee4000 	C:\Program Files\Java\jdk1.8.0_25\bin\javaw.exe
0x0000000076f60000 - 0x0000000077109000 	C:\Windows\SYSTEM32\ntdll.dll
0x0000000076d40000 - 0x0000000076e5f000 	C:\Windows\system32\kernel32.dll
0x000007fefcdb0000 - 0x000007fefce1c000 	C:\Windows\system32\KERNELBASE.dll
0x000007fefd320000 - 0x000007fefd3fb000 	C:\Windows\system32\ADVAPI32.dll
0x000007fefe6a0000 - 0x000007fefe73f000 	C:\Windows\system32\msvcrt.dll
0x000007feff120000 - 0x000007feff13f000 	C:\Windows\SYSTEM32\sechost.dll
0x000007fefe740000 - 0x000007fefe86d000 	C:\Windows\system32\RPCRT4.dll
0x0000000076e60000 - 0x0000000076f5a000 	C:\Windows\system32\USER32.dll
0x000007fefd2b0000 - 0x000007fefd317000 	C:\Windows\system32\GDI32.dll
0x000007fefe870000 - 0x000007fefe87e000 	C:\Windows\system32\LPK.dll
0x000007fefe8a0000 - 0x000007fefe969000 	C:\Windows\system32\USP10.dll
0x000007fefb3b0000 - 0x000007fefb5a4000 	C:\Windows\WinSxS\amd64_microsoft.windows.common-controls_6595b64144ccf1df_6.0.7601.18837_none_fa3b1e3d17594757\COMCTL32.dll
0x000007fefeed0000 - 0x000007fefef41000 	C:\Windows\system32\SHLWAPI.dll
0x000007feff0f0000 - 0x000007feff11e000 	C:\Windows\system32\IMM32.DLL
0x000007fefe970000 - 0x000007fefea79000 	C:\Windows\system32\MSCTF.dll
0x000000005f640000 - 0x000000005f712000 	C:\Program Files\Java\jdk1.8.0_25\jre\bin\msvcr100.dll
0x000000005ede0000 - 0x000000005f63a000 	C:\Program Files\Java\jdk1.8.0_25\jre\bin\server\jvm.dll
0x000007fef71a0000 - 0x000007fef71a9000 	C:\Windows\system32\WSOCK32.dll
0x000007feff140000 - 0x000007feff18d000 	C:\Windows\system32\WS2_32.dll
0x000007fefef50000 - 0x000007fefef58000 	C:\Windows\system32\NSI.dll
0x000007fef9720000 - 0x000007fef975b000 	C:\Windows\system32\WINMM.dll
0x0000000077120000 - 0x0000000077127000 	C:\Windows\system32\PSAPI.DLL
0x0000000068d30000 - 0x0000000068d3f000 	C:\Program Files\Java\jdk1.8.0_25\jre\bin\verify.dll
0x0000000068d00000 - 0x0000000068d28000 	C:\Program Files\Java\jdk1.8.0_25\jre\bin\java.dll
0x000000005f7c0000 - 0x000000005f7f5000 	C:\Program Files\Java\jdk1.8.0_25\jre\bin\jdwp.dll
0x0000000073020000 - 0x0000000073028000 	C:\Program Files\Java\jdk1.8.0_25\jre\bin\npt.dll
0x000000005f7a0000 - 0x000000005f7b6000 	C:\Program Files\Java\jdk1.8.0_25\jre\bin\zip.dll
0x000007fefd910000 - 0x000007fefe699000 	C:\Windows\system32\SHELL32.dll
0x000007fefd400000 - 0x000007fefd603000 	C:\Windows\system32\ole32.dll
0x000007fefcd10000 - 0x000007fefcd1f000 	C:\Windows\system32\profapi.dll
0x0000000067470000 - 0x0000000067479000 	C:\Program Files\Java\jdk1.8.0_25\jre\bin\dt_socket.dll
0x000007fef95f0000 - 0x000007fef9605000 	C:\Windows\system32\NLAapi.dll
0x000007fef51e0000 - 0x000007fef51f5000 	C:\Windows\system32\napinsp.dll
0x000007fef51c0000 - 0x000007fef51d9000 	C:\Windows\system32\pnrpnsp.dll
0x000007fefc4b0000 - 0x000007fefc505000 	C:\Windows\System32\mswsock.dll
0x000007fefc330000 - 0x000007fefc38b000 	C:\Windows\system32\DNSAPI.dll
0x000007fef51b0000 - 0x000007fef51bb000 	C:\Windows\System32\winrnr.dll
0x00000000709e0000 - 0x0000000070a06000 	C:\Program Files\Bonjour\mdnsNSP.dll
0x000007fef93d0000 - 0x000007fef93f7000 	C:\Windows\system32\Iphlpapi.DLL
0x000007fef93c0000 - 0x000007fef93cb000 	C:\Windows\system32\WINNSI.DLL
0x000007fef8e30000 - 0x000007fef8e83000 	C:\Windows\System32\fwpuclnt.dll
0x000007fef5540000 - 0x000007fef5548000 	C:\Windows\system32\rasadhlp.dll
0x000007fefbae0000 - 0x000007fefbae7000 	C:\Windows\System32\wshtcpip.dll
0x000000005f780000 - 0x000000005f79a000 	C:\Program Files\Java\jdk1.8.0_25\jre\bin\net.dll
0x000007fefc4a0000 - 0x000007fefc4a7000 	C:\Windows\System32\wship6.dll
0x000007fef8d30000 - 0x000007fef8d41000 	C:\Windows\system32\dhcpcsvc6.DLL
0x000007fef8d10000 - 0x000007fef8d28000 	C:\Windows\system32\dhcpcsvc.DLL
0x000007fef6000000 - 0x000007fef6125000 	C:\Windows\system32\dbghelp.dll

VM Arguments:
jvm_args: -agentlib:jdwp=transport=dt_socket,suspend=y,address=localhost:49479 -ea -Dfile.encoding=Cp1252 
java_command: org.eclipse.jdt.internal.junit.runner.RemoteTestRunner -version 3 -port 49478 -testLoaderClass org.eclipse.jdt.internal.junit4.runner.JUnit4TestLoader -loaderpluginname org.eclipse.jdt.junit4.runtime -test com.simiacryptus.mindseye.test.regression.NetworkElementUnitTests:_denseSynapseLayer_train2
java_class_path (initial): L:\code\Research\mindseye\target\test-classes;L:\code\Research\mindseye\target\classes;C:\Users\Andrew Charneski\.m2\repository\junit\junit\4.12\junit-4.12.jar;C:\Users\Andrew Charneski\.m2\repository\org\hamcrest\hamcrest-core\1.3\hamcrest-core-1.3.jar;C:\Users\Andrew Charneski\.m2\repository\org\jblas\jblas\1.2.4\jblas-1.2.4.jar;C:\Users\Andrew Charneski\.m2\repository\ch\qos\logback\logback-classic\1.1.3\logback-classic-1.1.3.jar;C:\Users\Andrew Charneski\.m2\repository\ch\qos\logback\logback-core\1.1.3\logback-core-1.1.3.jar;C:\Users\Andrew Charneski\.m2\repository\org\slf4j\slf4j-api\1.7.7\slf4j-api-1.7.7.jar;C:\Users\Andrew Charneski\.m2\repository\org\codehaus\groovy\groovy-all\2.4.3\groovy-all-2.4.3.jar;C:\Users\Andrew Charneski\.m2\repository\org\apache\commons\commons-compress\1.9\commons-compress-1.9.jar;C:\Users\Andrew Charneski\.m2\repository\commons-io\commons-io\2.4\commons-io-2.4.jar;C:\Users\Andrew Charneski\.m2\repository\org\apache\commons\commons-math3\3.5\commons-math3-3.5.jar;C:\Users\Andrew Charneski\.m2\repository\com\esotericsoftware\kryo\kryo\2.24.0\kryo-2.24.0.jar;C:\Users\Andrew Charneski\.m2\repository\com\esotericsoftware\minlog\minlog\1.2\minlog-1.2.jar;C:\Users\Andrew Charneski\.m2\repository\org\objenesis\objenesis\2.1\objenesis-2.1.jar;C:\Users\Andrew Charneski\.m2\repository\com\google\guava\guava\18.0\guava-18.0.jar;C:\Users\Andrew Charneski\.m2\repository\de\javakaffee\kryo-serializers\0.33\kryo-serializers-0.33.jar;C:\Users\Andrew Charneski\.m2\repository\com\esotericsoftware\kryo\3.0.2\kryo-3.0.2.jar;C:\Users\Andrew Charneski\.m2\repository\com\esotericsoftware\reflectasm\1.10.1\reflectasm-1.10.1.jar;C:\Users\Andrew Charneski\.m2\repository\org\ow2\asm\asm\5.0.3\asm-5.0.3.jar;C:\Users\Andrew Charneski\.m2\repository\com\esotericsoftware\minlog\1.3.0\minlog-1.3.0.jar;C:\Users\Andrew Charneski\.m2\repository\com\google\protobuf\protobuf-java\2.6.1\protobuf-java-2.6.1.jar;/F:/eclipse/luna-sr2/configura
Launcher Type: SUN_STANDARD

Environment Variables:
PATH=C:\Program Files\Java\jdk1.8.0_25\jre\bin;C:\ProgramData\Oracle\Java\javapath;C:\Program Files (x86)\NVIDIA Corporation\PhysX\Common;C:\Windows\system32;C:\Windows;C:\Windows\System32\Wbem;C:\Windows\System32\WindowsPowerShell\v1.0\;C:\Program Files (x86)\Windows Kits\8.0\Windows Performance Toolkit\;L:\RevoDrive\android-sdks\platform-tools;C:\Program Files (x86)\Common Files\ThinPrint\;C:\Program Files (x86)\QuickTime\QTSystem\
USERNAME=Andrew Charneski
OS=Windows_NT
PROCESSOR_IDENTIFIER=Intel64 Family 6 Model 42 Stepping 7, GenuineIntel



---------------  S Y S T E M  ---------------

OS: Windows 7 , 64 bit Build 7601 Service Pack 1

CPU:total 8 (4 cores per cpu, 2 threads per core) family 6 model 42 stepping 7, cmov, cx8, fxsr, mmx, sse, sse2, sse3, ssse3, sse4.1, sse4.2, popcnt, avx, aes, clmul, ht, tsc, tscinvbit

Memory: 4k page, physical 8365912k(4939932k free), swap 16729988k(12652396k free)

vm_info: Java HotSpot(TM) 64-Bit Server VM (25.25-b02) for windows-amd64 JRE (1.8.0_25-b18), built on Oct  7 2014 14:25:37 by "java_re" with MS VC++ 10.0 (VS2010)

time: Fri Aug 14 00:09:55 2015
elapsed time: 1 seconds (0d 0h 0m 1s)

